{
  "X:\\Tukangin\\backend\\src\\app.ts": {
    "path": "X:\\Tukangin\\backend\\src\\app.ts",
    "statementMap": {
      "0": { "start": { "line": 1, "column": 0 }, "end": { "line": 1, "column": 66 } },
      "1": { "start": { "line": 2, "column": 0 }, "end": { "line": 2, "column": 24 } },
      "2": { "start": { "line": 3, "column": 0 }, "end": { "line": 3, "column": 28 } },
      "3": { "start": { "line": 4, "column": 0 }, "end": { "line": 4, "column": 41 } },
      "4": { "start": { "line": 5, "column": 0 }, "end": { "line": 5, "column": 43 } },
      "5": { "start": { "line": 6, "column": 0 }, "end": { "line": 6, "column": 24 } },
      "6": { "start": { "line": 7, "column": 0 }, "end": { "line": 7, "column": 38 } },
      "7": { "start": { "line": 8, "column": 0 }, "end": { "line": 8, "column": 48 } },
      "8": { "start": { "line": 9, "column": 0 }, "end": { "line": 9, "column": 61 } },
      "9": { "start": { "line": 10, "column": 0 }, "end": { "line": 10, "column": 40 } },
      "10": { "start": { "line": 13, "column": 0 }, "end": { "line": 13, "column": 48 } },
      "11": { "start": { "line": 14, "column": 0 }, "end": { "line": 14, "column": 48 } },
      "12": { "start": { "line": 15, "column": 0 }, "end": { "line": 15, "column": 60 } },
      "13": { "start": { "line": 16, "column": 0 }, "end": { "line": 16, "column": 57 } },
      "14": { "start": { "line": 17, "column": 0 }, "end": { "line": 17, "column": 51 } },
      "15": { "start": { "line": 18, "column": 0 }, "end": { "line": 18, "column": 57 } },
      "16": { "start": { "line": 19, "column": 0 }, "end": { "line": 19, "column": 48 } },
      "17": { "start": { "line": 20, "column": 0 }, "end": { "line": 20, "column": 54 } },
      "18": { "start": { "line": 21, "column": 0 }, "end": { "line": 21, "column": 51 } },
      "19": { "start": { "line": 23, "column": 25 }, "end": { "line": 23, "column": 34 } },
      "20": { "start": { "line": 26, "column": 0 }, "end": { "line": 36, "column": 3 } },
      "21": { "start": { "line": 27, "column": 2 }, "end": { "line": 27, "column": 42 } },
      "22": { "start": { "line": 28, "column": 16 }, "end": { "line": 28, "column": 26 } },
      "23": { "start": { "line": 30, "column": 2 }, "end": { "line": 33, "column": 5 } },
      "24": { "start": { "line": 31, "column": 21 }, "end": { "line": 31, "column": 39 } },
      "25": { "start": { "line": 32, "column": 4 }, "end": { "line": 32, "column": 78 } },
      "26": { "start": { "line": 35, "column": 2 }, "end": { "line": 35, "column": 9 } },
      "27": { "start": { "line": 39, "column": 0 }, "end": { "line": 39, "column": 24 } },
      "28": { "start": { "line": 40, "column": 0 }, "end": { "line": 40, "column": 48 } },
      "29": { "start": { "line": 43, "column": 0 }, "end": { "line": 43, "column": 24 } },
      "30": { "start": { "line": 46, "column": 0 }, "end": { "line": 49, "column": 4 } },
      "31": { "start": { "line": 52, "column": 0 }, "end": { "line": 52, "column": 18 } },
      "32": { "start": { "line": 55, "column": 0 }, "end": { "line": 64, "column": 4 } },
      "33": { "start": { "line": 67, "column": 0 }, "end": { "line": 67, "column": 31 } },
      "34": { "start": { "line": 68, "column": 0 }, "end": { "line": 68, "column": 28 } },
      "35": { "start": { "line": 71, "column": 16 }, "end": { "line": 80, "column": 2 } },
      "36": { "start": { "line": 83, "column": 0 }, "end": { "line": 83, "column": 17 } },
      "37": { "start": { "line": 86, "column": 0 }, "end": { "line": 86, "column": 70 } },
      "38": { "start": { "line": 89, "column": 18 }, "end": { "line": 89, "column": 24 } },
      "39": { "start": { "line": 90, "column": 0 }, "end": { "line": 90, "column": 41 } },
      "40": { "start": { "line": 91, "column": 0 }, "end": { "line": 91, "column": 42 } },
      "41": { "start": { "line": 92, "column": 0 }, "end": { "line": 92, "column": 50 } },
      "42": { "start": { "line": 93, "column": 0 }, "end": { "line": 93, "column": 48 } },
      "43": { "start": { "line": 94, "column": 0 }, "end": { "line": 94, "column": 44 } },
      "44": { "start": { "line": 95, "column": 0 }, "end": { "line": 95, "column": 48 } },
      "45": { "start": { "line": 96, "column": 0 }, "end": { "line": 96, "column": 41 } },
      "46": { "start": { "line": 97, "column": 0 }, "end": { "line": 97, "column": 46 } },
      "47": { "start": { "line": 98, "column": 0 }, "end": { "line": 98, "column": 43 } },
      "48": { "start": { "line": 101, "column": 0 }, "end": { "line": 107, "column": 3 } },
      "49": { "start": { "line": 102, "column": 2 }, "end": { "line": 106, "column": 5 } },
      "50": { "start": { "line": 110, "column": 0 }, "end": { "line": 112, "column": 3 } },
      "51": { "start": { "line": 111, "column": 2 }, "end": { "line": 111, "column": 34 } },
      "52": { "start": { "line": 115, "column": 0 }, "end": { "line": 119, "column": 3 } },
      "53": { "start": { "line": 116, "column": 2 }, "end": { "line": 118, "column": 5 } },
      "54": { "start": { "line": 122, "column": 0 }, "end": { "line": 122, "column": 22 } },
      "55": { "start": { "line": 124, "column": 0 }, "end": { "line": 124, "column": 19 } }
    },
    "fnMap": {
      "0": {
        "name": "(anonymous_1)",
        "decl": { "start": { "line": 26, "column": 8 }, "end": { "line": 26, "column": 9 } },
        "loc": { "start": { "line": 26, "column": 46 }, "end": { "line": 36, "column": 1 } }
      },
      "1": {
        "name": "(anonymous_2)",
        "decl": { "start": { "line": 30, "column": 19 }, "end": { "line": 30, "column": 22 } },
        "loc": { "start": { "line": 30, "column": 24 }, "end": { "line": 33, "column": 3 } }
      },
      "2": {
        "name": "(anonymous_3)",
        "decl": { "start": { "line": 101, "column": 19 }, "end": { "line": 101, "column": 20 } },
        "loc": { "start": { "line": 101, "column": 52 }, "end": { "line": 107, "column": 1 } }
      },
      "3": {
        "name": "(anonymous_4)",
        "decl": { "start": { "line": 110, "column": 13 }, "end": { "line": 110, "column": 14 } },
        "loc": { "start": { "line": 110, "column": 27 }, "end": { "line": 112, "column": 1 } }
      },
      "4": {
        "name": "(anonymous_5)",
        "decl": { "start": { "line": 115, "column": 8 }, "end": { "line": 115, "column": 9 } },
        "loc": { "start": { "line": 115, "column": 41 }, "end": { "line": 119, "column": 1 } }
      }
    },
    "branchMap": {
      "0": {
        "loc": { "start": { "line": 47, "column": 10 }, "end": { "line": 47, "column": 60 } },
        "type": "binary-expr",
        "locations": [
          { "start": { "line": 47, "column": 10 }, "end": { "line": 47, "column": 33 } },
          { "start": { "line": 47, "column": 37 }, "end": { "line": 47, "column": 60 } }
        ]
      },
      "1": {
        "loc": { "start": { "line": 56, "column": 10 }, "end": { "line": 56, "column": 56 } },
        "type": "binary-expr",
        "locations": [
          { "start": { "line": 56, "column": 10 }, "end": { "line": 56, "column": 32 } },
          { "start": { "line": 56, "column": 36 }, "end": { "line": 56, "column": 56 } }
        ]
      }
    },
    "s": {
      "0": 0,
      "1": 0,
      "2": 0,
      "3": 0,
      "4": 0,
      "5": 0,
      "6": 0,
      "7": 0,
      "8": 0,
      "9": 0,
      "10": 0,
      "11": 0,
      "12": 0,
      "13": 0,
      "14": 0,
      "15": 0,
      "16": 0,
      "17": 0,
      "18": 0,
      "19": 0,
      "20": 0,
      "21": 0,
      "22": 0,
      "23": 0,
      "24": 0,
      "25": 0,
      "26": 0,
      "27": 0,
      "28": 0,
      "29": 0,
      "30": 0,
      "31": 0,
      "32": 0,
      "33": 0,
      "34": 0,
      "35": 0,
      "36": 0,
      "37": 0,
      "38": 0,
      "39": 0,
      "40": 0,
      "41": 0,
      "42": 0,
      "43": 0,
      "44": 0,
      "45": 0,
      "46": 0,
      "47": 0,
      "48": 0,
      "49": 0,
      "50": 0,
      "51": 0,
      "52": 0,
      "53": 0,
      "54": 0,
      "55": 0
    },
    "f": { "0": 0, "1": 0, "2": 0, "3": 0, "4": 0 },
    "b": { "0": [0, 0], "1": [0, 0] }
  },
  "X:\\Tukangin\\backend\\src\\index.ts": {
    "path": "X:\\Tukangin\\backend\\src\\index.ts",
    "statementMap": {
      "0": { "start": { "line": 1, "column": 0 }, "end": { "line": 1, "column": 28 } },
      "1": { "start": { "line": 2, "column": 0 }, "end": { "line": 2, "column": 24 } },
      "2": { "start": { "line": 3, "column": 0 }, "end": { "line": 3, "column": 40 } },
      "3": { "start": { "line": 6, "column": 0 }, "end": { "line": 6, "column": 16 } },
      "4": { "start": { "line": 8, "column": 13 }, "end": { "line": 8, "column": 37 } },
      "5": { "start": { "line": 11, "column": 0 }, "end": { "line": 15, "column": 3 } },
      "6": { "start": { "line": 12, "column": 2 }, "end": { "line": 12, "column": 49 } },
      "7": { "start": { "line": 13, "column": 2 }, "end": { "line": 13, "column": 64 } },
      "8": { "start": { "line": 14, "column": 2 }, "end": { "line": 14, "column": 86 } },
      "9": { "start": { "line": 18, "column": 0 }, "end": { "line": 21, "column": 3 } },
      "10": { "start": { "line": 19, "column": 2 }, "end": { "line": 19, "column": 45 } },
      "11": { "start": { "line": 20, "column": 2 }, "end": { "line": 20, "column": 18 } },
      "12": { "start": { "line": 24, "column": 0 }, "end": { "line": 28, "column": 3 } },
      "13": { "start": { "line": 25, "column": 2 }, "end": { "line": 25, "column": 51 } },
      "14": { "start": { "line": 26, "column": 2 }, "end": { "line": 26, "column": 34 } },
      "15": { "start": { "line": 27, "column": 2 }, "end": { "line": 27, "column": 18 } }
    },
    "fnMap": {
      "0": {
        "name": "(anonymous_1)",
        "decl": { "start": { "line": 11, "column": 17 }, "end": { "line": 11, "column": 20 } },
        "loc": { "start": { "line": 11, "column": 22 }, "end": { "line": 15, "column": 1 } }
      },
      "1": {
        "name": "(anonymous_2)",
        "decl": { "start": { "line": 18, "column": 32 }, "end": { "line": 18, "column": 33 } },
        "loc": { "start": { "line": 18, "column": 42 }, "end": { "line": 21, "column": 1 } }
      },
      "2": {
        "name": "(anonymous_3)",
        "decl": { "start": { "line": 24, "column": 33 }, "end": { "line": 24, "column": 34 } },
        "loc": { "start": { "line": 24, "column": 53 }, "end": { "line": 28, "column": 1 } }
      }
    },
    "branchMap": {
      "0": {
        "loc": { "start": { "line": 8, "column": 13 }, "end": { "line": 8, "column": 37 } },
        "type": "binary-expr",
        "locations": [
          { "start": { "line": 8, "column": 13 }, "end": { "line": 8, "column": 29 } },
          { "start": { "line": 8, "column": 33 }, "end": { "line": 8, "column": 37 } }
        ]
      },
      "1": {
        "loc": { "start": { "line": 13, "column": 23 }, "end": { "line": 13, "column": 60 } },
        "type": "binary-expr",
        "locations": [
          { "start": { "line": 13, "column": 23 }, "end": { "line": 13, "column": 43 } },
          { "start": { "line": 13, "column": 47 }, "end": { "line": 13, "column": 60 } }
        ]
      },
      "2": {
        "loc": { "start": { "line": 14, "column": 31 }, "end": { "line": 14, "column": 82 } },
        "type": "binary-expr",
        "locations": [
          { "start": { "line": 14, "column": 31 }, "end": { "line": 14, "column": 55 } },
          { "start": { "line": 14, "column": 59 }, "end": { "line": 14, "column": 82 } }
        ]
      }
    },
    "s": {
      "0": 0,
      "1": 0,
      "2": 0,
      "3": 0,
      "4": 0,
      "5": 0,
      "6": 0,
      "7": 0,
      "8": 0,
      "9": 0,
      "10": 0,
      "11": 0,
      "12": 0,
      "13": 0,
      "14": 0,
      "15": 0
    },
    "f": { "0": 0, "1": 0, "2": 0 },
    "b": { "0": [0, 0], "1": [0, 0], "2": [0, 0] }
  },
  "X:\\Tukangin\\backend\\src\\api\\admin\\admin.routes.ts": {
    "path": "X:\\Tukangin\\backend\\src\\api\\admin\\admin.routes.ts",
    "statementMap": {
      "0": { "start": { "line": 1, "column": 0 }, "end": { "line": 1, "column": 30 } },
      "1": { "start": { "line": 2, "column": 0 }, "end": { "line": 2, "column": 64 } },
      "2": { "start": { "line": 3, "column": 0 }, "end": { "line": 3, "column": 61 } },
      "3": { "start": { "line": 5, "column": 15 }, "end": { "line": 5, "column": 31 } },
      "4": { "start": { "line": 8, "column": 0 }, "end": { "line": 8, "column": 25 } },
      "5": { "start": { "line": 9, "column": 0 }, "end": { "line": 9, "column": 33 } },
      "6": { "start": { "line": 13, "column": 0 }, "end": { "line": 13, "column": 22 } }
    },
    "fnMap": {},
    "branchMap": {},
    "s": { "0": 0, "1": 0, "2": 0, "3": 0, "4": 0, "5": 0, "6": 0 },
    "f": {},
    "b": {}
  },
  "X:\\Tukangin\\backend\\src\\api\\auth\\auth.routes.ts": {
    "path": "X:\\Tukangin\\backend\\src\\api\\auth\\auth.routes.ts",
    "statementMap": {
      "0": { "start": { "line": 1, "column": 0 }, "end": { "line": 1, "column": 33 } },
      "1": { "start": { "line": 2, "column": 0 }, "end": { "line": 2, "column": 52 } },
      "2": { "start": { "line": 3, "column": 0 }, "end": { "line": 3, "column": 52 } },
      "3": { "start": { "line": 4, "column": 0 }, "end": { "line": 4, "column": 73 } },
      "4": { "start": { "line": 5, "column": 0 }, "end": { "line": 5, "column": 81 } },
      "5": { "start": { "line": 6, "column": 0 }, "end": { "line": 6, "column": 61 } },
      "6": { "start": { "line": 7, "column": 0 }, "end": { "line": 7, "column": 64 } },
      "7": { "start": { "line": 9, "column": 15 }, "end": { "line": 9, "column": 23 } },
      "8": { "start": { "line": 16, "column": 0 }, "end": { "line": 20, "column": 2 } },
      "9": { "start": { "line": 27, "column": 0 }, "end": { "line": 32, "column": 2 } },
      "10": { "start": { "line": 30, "column": 38 }, "end": { "line": 30, "column": 63 } },
      "11": { "start": { "line": 39, "column": 0 }, "end": { "line": 44, "column": 2 } },
      "12": { "start": { "line": 42, "column": 44 }, "end": { "line": 42, "column": 69 } },
      "13": { "start": { "line": 51, "column": 0 }, "end": { "line": 54, "column": 2 } },
      "14": { "start": { "line": 61, "column": 0 }, "end": { "line": 68, "column": 2 } },
      "15": { "start": { "line": 75, "column": 0 }, "end": { "line": 75, "column": 53 } },
      "16": { "start": { "line": 82, "column": 0 }, "end": { "line": 87, "column": 2 } },
      "17": { "start": { "line": 94, "column": 0 }, "end": { "line": 99, "column": 2 } },
      "18": { "start": { "line": 106, "column": 0 }, "end": { "line": 111, "column": 2 } },
      "19": { "start": { "line": 118, "column": 0 }, "end": { "line": 123, "column": 2 } },
      "20": { "start": { "line": 125, "column": 0 }, "end": { "line": 125, "column": 22 } }
    },
    "fnMap": {
      "0": {
        "name": "(anonymous_10)",
        "decl": { "start": { "line": 30, "column": 28 }, "end": { "line": 30, "column": 29 } },
        "loc": { "start": { "line": 30, "column": 38 }, "end": { "line": 30, "column": 63 } }
      },
      "1": {
        "name": "(anonymous_11)",
        "decl": { "start": { "line": 42, "column": 34 }, "end": { "line": 42, "column": 35 } },
        "loc": { "start": { "line": 42, "column": 44 }, "end": { "line": 42, "column": 69 } }
      }
    },
    "branchMap": {},
    "s": {
      "0": 0,
      "1": 0,
      "2": 0,
      "3": 0,
      "4": 0,
      "5": 0,
      "6": 0,
      "7": 0,
      "8": 0,
      "9": 0,
      "10": 0,
      "11": 0,
      "12": 0,
      "13": 0,
      "14": 0,
      "15": 0,
      "16": 0,
      "17": 0,
      "18": 0,
      "19": 0,
      "20": 0
    },
    "f": { "0": 0, "1": 0 },
    "b": {}
  },
  "X:\\Tukangin\\backend\\src\\api\\auth\\auth.service.ts": {
    "path": "X:\\Tukangin\\backend\\src\\api\\auth\\auth.service.ts",
    "statementMap": {
      "0": { "start": { "line": 1, "column": 0 }, "end": { "line": 1, "column": 28 } },
      "1": { "start": { "line": 2, "column": 0 }, "end": { "line": 2, "column": 48 } },
      "2": { "start": { "line": 3, "column": 0 }, "end": { "line": 3, "column": 86 } },
      "3": { "start": { "line": 4, "column": 0 }, "end": { "line": 4, "column": 42 } },
      "4": { "start": { "line": 5, "column": 0 }, "end": { "line": 5, "column": 61 } },
      "5": { "start": { "line": 6, "column": 0 }, "end": { "line": 6, "column": 44 } },
      "6": { "start": { "line": 7, "column": 0 }, "end": { "line": 7, "column": 39 } },
      "7": { "start": { "line": 8, "column": 0 }, "end": { "line": 8, "column": 35 } },
      "8": { "start": { "line": 9, "column": 0 }, "end": { "line": 9, "column": 46 } },
      "9": { "start": { "line": 11, "column": 21 }, "end": { "line": 11, "column": 39 } },
      "10": { "start": { "line": 14, "column": 19 }, "end": { "line": 14, "column": 62 } },
      "11": { "start": { "line": 15, "column": 23 }, "end": { "line": 15, "column": 57 } },
      "12": { "start": { "line": 16, "column": 27 }, "end": { "line": 16, "column": 86 } },
      "13": { "start": { "line": 17, "column": 31 }, "end": { "line": 17, "column": 73 } },
      "14": { "start": { "line": 22, "column": 28 }, "end": { "line": 88, "column": 1 } },
      "15": { "start": { "line": 23, "column": 2 }, "end": { "line": 87, "column": 3 } },
      "16": { "start": { "line": 24, "column": 4 }, "end": { "line": 24, "column": 70 } },
      "17": { "start": { "line": 27, "column": 25 }, "end": { "line": 29, "column": 6 } },
      "18": { "start": { "line": 31, "column": 4 }, "end": { "line": 33, "column": 5 } },
      "19": { "start": { "line": 32, "column": 6 }, "end": { "line": 32, "column": 55 } },
      "20": { "start": { "line": 36, "column": 30 }, "end": { "line": 42, "column": 6 } },
      "21": { "start": { "line": 45, "column": 4 }, "end": { "line": 52, "column": 5 } },
      "22": { "start": { "line": 46, "column": 6 }, "end": { "line": 48, "column": 7 } },
      "23": { "start": { "line": 47, "column": 8 }, "end": { "line": 47, "column": 78 } },
      "24": { "start": { "line": 50, "column": 19 }, "end": { "line": 50, "column": 43 } },
      "25": { "start": { "line": 51, "column": 6 }, "end": { "line": 51, "column": 75 } },
      "26": { "start": { "line": 55, "column": 17 }, "end": { "line": 57, "column": 6 } },
      "27": { "start": { "line": 60, "column": 4 }, "end": { "line": 68, "column": 5 } },
      "28": { "start": { "line": 61, "column": 6 }, "end": { "line": 67, "column": 9 } },
      "29": { "start": { "line": 71, "column": 18 }, "end": { "line": 71, "column": 69 } },
      "30": { "start": { "line": 72, "column": 25 }, "end": { "line": 72, "column": 66 } },
      "31": { "start": { "line": 75, "column": 49 }, "end": { "line": 75, "column": 53 } },
      "32": { "start": { "line": 77, "column": 4 }, "end": { "line": 77, "column": 50 } },
      "33": { "start": { "line": 79, "column": 4 }, "end": { "line": 83, "column": 6 } },
      "34": { "start": { "line": 85, "column": 4 }, "end": { "line": 85, "column": 47 } },
      "35": { "start": { "line": 86, "column": 4 }, "end": { "line": 86, "column": 16 } },
      "36": { "start": { "line": 22, "column": 13 }, "end": { "line": 22, "column": 28 } },
      "37": { "start": { "line": 93, "column": 34 }, "end": { "line": 148, "column": 1 } },
      "38": { "start": { "line": 98, "column": 2 }, "end": { "line": 147, "column": 3 } },
      "39": { "start": { "line": 99, "column": 4 }, "end": { "line": 99, "column": 87 } },
      "40": { "start": { "line": 102, "column": 15 }, "end": { "line": 104, "column": 6 } },
      "41": { "start": { "line": 106, "column": 4 }, "end": { "line": 130, "column": 5 } },
      "42": { "start": { "line": 108, "column": 6 }, "end": { "line": 117, "column": 7 } },
      "43": { "start": { "line": 109, "column": 8 }, "end": { "line": 115, "column": 11 } },
      "44": { "start": { "line": 116, "column": 8 }, "end": { "line": 116, "column": 81 } },
      "45": { "start": { "line": 120, "column": 6 }, "end": { "line": 128, "column": 9 } },
      "46": { "start": { "line": 129, "column": 6 }, "end": { "line": 129, "column": 74 } },
      "47": { "start": { "line": 133, "column": 18 }, "end": { "line": 133, "column": 69 } },
      "48": { "start": { "line": 134, "column": 25 }, "end": { "line": 134, "column": 66 } },
      "49": { "start": { "line": 137, "column": 49 }, "end": { "line": 137, "column": 53 } },
      "50": { "start": { "line": 139, "column": 4 }, "end": { "line": 143, "column": 6 } },
      "51": { "start": { "line": 145, "column": 4 }, "end": { "line": 145, "column": 54 } },
      "52": { "start": { "line": 146, "column": 4 }, "end": { "line": 146, "column": 16 } },
      "53": { "start": { "line": 93, "column": 13 }, "end": { "line": 93, "column": 34 } },
      "54": { "start": { "line": 153, "column": 25 }, "end": { "line": 198, "column": 1 } },
      "55": { "start": { "line": 154, "column": 2 }, "end": { "line": 197, "column": 3 } },
      "56": { "start": { "line": 156, "column": 17 }, "end": { "line": 158, "column": 6 } },
      "57": { "start": { "line": 160, "column": 4 }, "end": { "line": 162, "column": 5 } },
      "58": { "start": { "line": 161, "column": 6 }, "end": { "line": 161, "column": 59 } },
      "59": { "start": { "line": 165, "column": 4 }, "end": { "line": 167, "column": 5 } },
      "60": { "start": { "line": 166, "column": 6 }, "end": { "line": 166, "column": 104 } },
      "61": { "start": { "line": 170, "column": 28 }, "end": { "line": 170, "column": 83 } },
      "62": { "start": { "line": 172, "column": 4 }, "end": { "line": 174, "column": 5 } },
      "63": { "start": { "line": 173, "column": 6 }, "end": { "line": 173, "column": 59 } },
      "64": { "start": { "line": 177, "column": 18 }, "end": { "line": 177, "column": 69 } },
      "65": { "start": { "line": 178, "column": 25 }, "end": { "line": 178, "column": 66 } },
      "66": { "start": { "line": 181, "column": 27 }, "end": { "line": 181, "column": 48 } },
      "67": { "start": { "line": 184, "column": 52 }, "end": { "line": 184, "column": 56 } },
      "68": { "start": { "line": 186, "column": 4 }, "end": { "line": 186, "column": 49 } },
      "69": { "start": { "line": 188, "column": 4 }, "end": { "line": 193, "column": 6 } },
      "70": { "start": { "line": 195, "column": 4 }, "end": { "line": 195, "column": 40 } },
      "71": { "start": { "line": 196, "column": 4 }, "end": { "line": 196, "column": 16 } },
      "72": { "start": { "line": 153, "column": 13 }, "end": { "line": 153, "column": 25 } },
      "73": { "start": { "line": 203, "column": 31 }, "end": { "line": 237, "column": 1 } },
      "74": { "start": { "line": 204, "column": 2 }, "end": { "line": 236, "column": 3 } },
      "75": { "start": { "line": 206, "column": 17 }, "end": { "line": 213, "column": 6 } },
      "76": { "start": { "line": 215, "column": 4 }, "end": { "line": 217, "column": 5 } },
      "77": { "start": { "line": 216, "column": 6 }, "end": { "line": 216, "column": 96 } },
      "78": { "start": { "line": 220, "column": 18 }, "end": { "line": 220, "column": 69 } },
      "79": { "start": { "line": 221, "column": 25 }, "end": { "line": 221, "column": 66 } },
      "80": { "start": { "line": 224, "column": 49 }, "end": { "line": 224, "column": 53 } },
      "81": { "start": { "line": 226, "column": 4 }, "end": { "line": 226, "column": 61 } },
      "82": { "start": { "line": 228, "column": 4 }, "end": { "line": 232, "column": 6 } },
      "83": { "start": { "line": 234, "column": 4 }, "end": { "line": 234, "column": 47 } },
      "84": { "start": { "line": 235, "column": 4 }, "end": { "line": 235, "column": 16 } },
      "85": { "start": { "line": 203, "column": 13 }, "end": { "line": 203, "column": 31 } },
      "86": { "start": { "line": 242, "column": 34 }, "end": { "line": 282, "column": 1 } },
      "87": { "start": { "line": 243, "column": 2 }, "end": { "line": 281, "column": 3 } },
      "88": { "start": { "line": 245, "column": 20 }, "end": { "line": 245, "column": 97 } },
      "89": { "start": { "line": 248, "column": 17 }, "end": { "line": 250, "column": 6 } },
      "90": { "start": { "line": 252, "column": 4 }, "end": { "line": 254, "column": 5 } },
      "91": { "start": { "line": 253, "column": 6 }, "end": { "line": 253, "column": 54 } },
      "92": { "start": { "line": 257, "column": 21 }, "end": { "line": 257, "column": 72 } },
      "93": { "start": { "line": 258, "column": 28 }, "end": { "line": 258, "column": 69 } },
      "94": { "start": { "line": 261, "column": 49 }, "end": { "line": 261, "column": 53 } },
      "95": { "start": { "line": 263, "column": 4 }, "end": { "line": 263, "column": 59 } },
      "96": { "start": { "line": 265, "column": 4 }, "end": { "line": 269, "column": 6 } },
      "97": { "start": { "line": 271, "column": 4 }, "end": { "line": 273, "column": 5 } },
      "98": { "start": { "line": 272, "column": 6 }, "end": { "line": 272, "column": 80 } },
      "99": { "start": { "line": 275, "column": 4 }, "end": { "line": 277, "column": 5 } },
      "100": { "start": { "line": 276, "column": 6 }, "end": { "line": 276, "column": 59 } },
      "101": { "start": { "line": 279, "column": 4 }, "end": { "line": 279, "column": 48 } },
      "102": { "start": { "line": 280, "column": 4 }, "end": { "line": 280, "column": 16 } },
      "103": { "start": { "line": 242, "column": 13 }, "end": { "line": 242, "column": 34 } },
      "104": { "start": { "line": 287, "column": 35 }, "end": { "line": 296, "column": 1 } },
      "105": { "start": { "line": 288, "column": 31 }, "end": { "line": 290, "column": 4 } },
      "106": { "start": { "line": 291, "column": 2 }, "end": { "line": 295, "column": 4 } },
      "107": { "start": { "line": 287, "column": 13 }, "end": { "line": 287, "column": 35 } },
      "108": { "start": { "line": 301, "column": 36 }, "end": { "line": 310, "column": 1 } },
      "109": { "start": { "line": 302, "column": 31 }, "end": { "line": 304, "column": 4 } },
      "110": { "start": { "line": 305, "column": 2 }, "end": { "line": 309, "column": 4 } },
      "111": { "start": { "line": 301, "column": 13 }, "end": { "line": 301, "column": 36 } },
      "112": { "start": { "line": 315, "column": 33 }, "end": { "line": 325, "column": 1 } },
      "113": { "start": { "line": 317, "column": 20 }, "end": { "line": 317, "column": 50 } },
      "114": { "start": { "line": 320, "column": 22 }, "end": { "line": 320, "column": 56 } },
      "115": { "start": { "line": 321, "column": 18 }, "end": { "line": 321, "column": 69 } },
      "116": { "start": { "line": 322, "column": 20 }, "end": { "line": 322, "column": 44 } },
      "117": { "start": { "line": 324, "column": 2 }, "end": { "line": 324, "column": 34 } },
      "118": { "start": { "line": 315, "column": 13 }, "end": { "line": 315, "column": 33 } },
      "119": { "start": { "line": 330, "column": 29 }, "end": { "line": 340, "column": 1 } },
      "120": { "start": { "line": 331, "column": 2 }, "end": { "line": 337, "column": 5 } },
      "121": { "start": { "line": 339, "column": 2 }, "end": { "line": 339, "column": 57 } },
      "122": { "start": { "line": 330, "column": 13 }, "end": { "line": 330, "column": 29 } },
      "123": { "start": { "line": 345, "column": 25 }, "end": { "line": 361, "column": 1 } },
      "124": { "start": { "line": 347, "column": 15 }, "end": { "line": 350, "column": 4 } },
      "125": { "start": { "line": 352, "column": 2 }, "end": { "line": 354, "column": 3 } },
      "126": { "start": { "line": 353, "column": 4 }, "end": { "line": 353, "column": 58 } },
      "127": { "start": { "line": 357, "column": 2 }, "end": { "line": 360, "column": 5 } },
      "128": { "start": { "line": 345, "column": 13 }, "end": { "line": 345, "column": 25 } },
      "129": { "start": { "line": 366, "column": 32 }, "end": { "line": 373, "column": 1 } },
      "130": { "start": { "line": 367, "column": 2 }, "end": { "line": 370, "column": 5 } },
      "131": { "start": { "line": 372, "column": 2 }, "end": { "line": 372, "column": 52 } },
      "132": { "start": { "line": 366, "column": 13 }, "end": { "line": 366, "column": 32 } },
      "133": { "start": { "line": 378, "column": 33 }, "end": { "line": 388, "column": 1 } },
      "134": { "start": { "line": 379, "column": 2 }, "end": { "line": 385, "column": 5 } },
      "135": { "start": { "line": 387, "column": 2 }, "end": { "line": 387, "column": 53 } },
      "136": { "start": { "line": 378, "column": 13 }, "end": { "line": 378, "column": 33 } },
      "137": { "start": { "line": 393, "column": 30 }, "end": { "line": 406, "column": 1 } },
      "138": { "start": { "line": 395, "column": 15 }, "end": { "line": 398, "column": 4 } },
      "139": { "start": { "line": 400, "column": 2 }, "end": { "line": 402, "column": 3 } },
      "140": { "start": { "line": 401, "column": 4 }, "end": { "line": 401, "column": 52 } },
      "141": { "start": { "line": 405, "column": 2 }, "end": { "line": 405, "column": 49 } },
      "142": { "start": { "line": 393, "column": 13 }, "end": { "line": 393, "column": 30 } }
    },
    "fnMap": {
      "0": {
        "name": "(anonymous_1)",
        "decl": { "start": { "line": 22, "column": 28 }, "end": { "line": 22, "column": 33 } },
        "loc": { "start": { "line": 22, "column": 62 }, "end": { "line": 88, "column": 1 } }
      },
      "1": {
        "name": "(anonymous_2)",
        "decl": { "start": { "line": 93, "column": 34 }, "end": { "line": 93, "column": 39 } },
        "loc": { "start": { "line": 97, "column": 5 }, "end": { "line": 148, "column": 1 } }
      },
      "2": {
        "name": "(anonymous_3)",
        "decl": { "start": { "line": 153, "column": 25 }, "end": { "line": 153, "column": 30 } },
        "loc": { "start": { "line": 153, "column": 67 }, "end": { "line": 198, "column": 1 } }
      },
      "3": {
        "name": "(anonymous_4)",
        "decl": { "start": { "line": 203, "column": 31 }, "end": { "line": 203, "column": 36 } },
        "loc": { "start": { "line": 203, "column": 73 }, "end": { "line": 237, "column": 1 } }
      },
      "4": {
        "name": "(anonymous_5)",
        "decl": { "start": { "line": 242, "column": 34 }, "end": { "line": 242, "column": 39 } },
        "loc": { "start": { "line": 242, "column": 65 }, "end": { "line": 282, "column": 1 } }
      },
      "5": {
        "name": "(anonymous_6)",
        "decl": { "start": { "line": 287, "column": 35 }, "end": { "line": 287, "column": 36 } },
        "loc": { "start": { "line": 287, "column": 102 }, "end": { "line": 296, "column": 1 } }
      },
      "6": {
        "name": "(anonymous_7)",
        "decl": { "start": { "line": 301, "column": 36 }, "end": { "line": 301, "column": 37 } },
        "loc": { "start": { "line": 301, "column": 78 }, "end": { "line": 310, "column": 1 } }
      },
      "7": {
        "name": "(anonymous_8)",
        "decl": { "start": { "line": 315, "column": 33 }, "end": { "line": 315, "column": 38 } },
        "loc": { "start": { "line": 315, "column": 57 }, "end": { "line": 325, "column": 1 } }
      },
      "8": {
        "name": "(anonymous_9)",
        "decl": { "start": { "line": 330, "column": 29 }, "end": { "line": 330, "column": 34 } },
        "loc": { "start": { "line": 330, "column": 73 }, "end": { "line": 340, "column": 1 } }
      },
      "9": {
        "name": "(anonymous_10)",
        "decl": { "start": { "line": 345, "column": 25 }, "end": { "line": 345, "column": 30 } },
        "loc": { "start": { "line": 345, "column": 65 }, "end": { "line": 361, "column": 1 } }
      },
      "10": {
        "name": "(anonymous_11)",
        "decl": { "start": { "line": 366, "column": 32 }, "end": { "line": 366, "column": 37 } },
        "loc": { "start": { "line": 366, "column": 57 }, "end": { "line": 373, "column": 1 } }
      },
      "11": {
        "name": "(anonymous_12)",
        "decl": { "start": { "line": 378, "column": 33 }, "end": { "line": 378, "column": 38 } },
        "loc": { "start": { "line": 378, "column": 58 }, "end": { "line": 388, "column": 1 } }
      },
      "12": {
        "name": "(anonymous_13)",
        "decl": { "start": { "line": 393, "column": 30 }, "end": { "line": 393, "column": 35 } },
        "loc": { "start": { "line": 393, "column": 73 }, "end": { "line": 406, "column": 1 } }
      }
    },
    "branchMap": {
      "0": {
        "loc": { "start": { "line": 14, "column": 19 }, "end": { "line": 14, "column": 62 } },
        "type": "binary-expr",
        "locations": [
          { "start": { "line": 14, "column": 19 }, "end": { "line": 14, "column": 41 } },
          { "start": { "line": 14, "column": 45 }, "end": { "line": 14, "column": 62 } }
        ]
      },
      "1": {
        "loc": { "start": { "line": 15, "column": 23 }, "end": { "line": 15, "column": 57 } },
        "type": "binary-expr",
        "locations": [
          { "start": { "line": 15, "column": 23 }, "end": { "line": 15, "column": 49 } },
          { "start": { "line": 15, "column": 53 }, "end": { "line": 15, "column": 57 } }
        ]
      },
      "2": {
        "loc": { "start": { "line": 16, "column": 27 }, "end": { "line": 16, "column": 86 } },
        "type": "binary-expr",
        "locations": [
          { "start": { "line": 16, "column": 27 }, "end": { "line": 16, "column": 57 } },
          { "start": { "line": 16, "column": 61 }, "end": { "line": 16, "column": 86 } }
        ]
      },
      "3": {
        "loc": { "start": { "line": 17, "column": 31 }, "end": { "line": 17, "column": 73 } },
        "type": "binary-expr",
        "locations": [
          { "start": { "line": 17, "column": 31 }, "end": { "line": 17, "column": 65 } },
          { "start": { "line": 17, "column": 69 }, "end": { "line": 17, "column": 73 } }
        ]
      },
      "4": {
        "loc": { "start": { "line": 31, "column": 4 }, "end": { "line": 33, "column": 5 } },
        "type": "if",
        "locations": [{ "start": { "line": 31, "column": 4 }, "end": { "line": 33, "column": 5 } }]
      },
      "5": {
        "loc": { "start": { "line": 39, "column": 12 }, "end": { "line": 39, "column": 46 } },
        "type": "binary-expr",
        "locations": [
          { "start": { "line": 39, "column": 12 }, "end": { "line": 39, "column": 25 } },
          { "start": { "line": 39, "column": 29 }, "end": { "line": 39, "column": 46 } }
        ]
      },
      "6": {
        "loc": { "start": { "line": 41, "column": 20 }, "end": { "line": 41, "column": 63 } },
        "type": "binary-expr",
        "locations": [
          { "start": { "line": 41, "column": 20 }, "end": { "line": 41, "column": 41 } },
          { "start": { "line": 41, "column": 45 }, "end": { "line": 41, "column": 63 } }
        ]
      },
      "7": {
        "loc": { "start": { "line": 45, "column": 4 }, "end": { "line": 52, "column": 5 } },
        "type": "if",
        "locations": [{ "start": { "line": 45, "column": 4 }, "end": { "line": 52, "column": 5 } }]
      },
      "8": {
        "loc": { "start": { "line": 46, "column": 6 }, "end": { "line": 48, "column": 7 } },
        "type": "if",
        "locations": [{ "start": { "line": 46, "column": 6 }, "end": { "line": 48, "column": 7 } }]
      },
      "9": {
        "loc": { "start": { "line": 60, "column": 4 }, "end": { "line": 68, "column": 5 } },
        "type": "if",
        "locations": [{ "start": { "line": 60, "column": 4 }, "end": { "line": 68, "column": 5 } }]
      },
      "10": {
        "loc": { "start": { "line": 106, "column": 4 }, "end": { "line": 130, "column": 5 } },
        "type": "if",
        "locations": [
          { "start": { "line": 106, "column": 4 }, "end": { "line": 130, "column": 5 } },
          { "start": { "line": 118, "column": 11 }, "end": { "line": 130, "column": 5 } }
        ]
      },
      "11": {
        "loc": { "start": { "line": 108, "column": 6 }, "end": { "line": 117, "column": 7 } },
        "type": "if",
        "locations": [
          { "start": { "line": 108, "column": 6 }, "end": { "line": 117, "column": 7 } }
        ]
      },
      "12": {
        "loc": { "start": { "line": 160, "column": 4 }, "end": { "line": 162, "column": 5 } },
        "type": "if",
        "locations": [
          { "start": { "line": 160, "column": 4 }, "end": { "line": 162, "column": 5 } }
        ]
      },
      "13": {
        "loc": { "start": { "line": 165, "column": 4 }, "end": { "line": 167, "column": 5 } },
        "type": "if",
        "locations": [
          { "start": { "line": 165, "column": 4 }, "end": { "line": 167, "column": 5 } }
        ]
      },
      "14": {
        "loc": { "start": { "line": 172, "column": 4 }, "end": { "line": 174, "column": 5 } },
        "type": "if",
        "locations": [
          { "start": { "line": 172, "column": 4 }, "end": { "line": 174, "column": 5 } }
        ]
      },
      "15": {
        "loc": { "start": { "line": 215, "column": 4 }, "end": { "line": 217, "column": 5 } },
        "type": "if",
        "locations": [
          { "start": { "line": 215, "column": 4 }, "end": { "line": 217, "column": 5 } }
        ]
      },
      "16": {
        "loc": { "start": { "line": 252, "column": 4 }, "end": { "line": 254, "column": 5 } },
        "type": "if",
        "locations": [
          { "start": { "line": 252, "column": 4 }, "end": { "line": 254, "column": 5 } }
        ]
      },
      "17": {
        "loc": { "start": { "line": 271, "column": 4 }, "end": { "line": 273, "column": 5 } },
        "type": "if",
        "locations": [
          { "start": { "line": 271, "column": 4 }, "end": { "line": 273, "column": 5 } }
        ]
      },
      "18": {
        "loc": { "start": { "line": 275, "column": 4 }, "end": { "line": 277, "column": 5 } },
        "type": "if",
        "locations": [
          { "start": { "line": 275, "column": 4 }, "end": { "line": 277, "column": 5 } }
        ]
      },
      "19": {
        "loc": { "start": { "line": 320, "column": 22 }, "end": { "line": 320, "column": 56 } },
        "type": "binary-expr",
        "locations": [
          { "start": { "line": 320, "column": 22 }, "end": { "line": 320, "column": 42 } },
          { "start": { "line": 320, "column": 46 }, "end": { "line": 320, "column": 56 } }
        ]
      },
      "20": {
        "loc": { "start": { "line": 352, "column": 2 }, "end": { "line": 354, "column": 3 } },
        "type": "if",
        "locations": [
          { "start": { "line": 352, "column": 2 }, "end": { "line": 354, "column": 3 } }
        ]
      },
      "21": {
        "loc": { "start": { "line": 352, "column": 6 }, "end": { "line": 352, "column": 30 } },
        "type": "binary-expr",
        "locations": [
          { "start": { "line": 352, "column": 6 }, "end": { "line": 352, "column": 11 } },
          { "start": { "line": 352, "column": 15 }, "end": { "line": 352, "column": 30 } }
        ]
      },
      "22": {
        "loc": { "start": { "line": 400, "column": 2 }, "end": { "line": 402, "column": 3 } },
        "type": "if",
        "locations": [
          { "start": { "line": 400, "column": 2 }, "end": { "line": 402, "column": 3 } }
        ]
      },
      "23": {
        "loc": { "start": { "line": 400, "column": 6 }, "end": { "line": 400, "column": 29 } },
        "type": "binary-expr",
        "locations": [
          { "start": { "line": 400, "column": 6 }, "end": { "line": 400, "column": 11 } },
          { "start": { "line": 400, "column": 15 }, "end": { "line": 400, "column": 29 } }
        ]
      }
    },
    "s": {
      "0": 0,
      "1": 0,
      "2": 0,
      "3": 0,
      "4": 0,
      "5": 0,
      "6": 0,
      "7": 0,
      "8": 0,
      "9": 0,
      "10": 0,
      "11": 0,
      "12": 0,
      "13": 0,
      "14": 0,
      "15": 0,
      "16": 0,
      "17": 0,
      "18": 0,
      "19": 0,
      "20": 0,
      "21": 0,
      "22": 0,
      "23": 0,
      "24": 0,
      "25": 0,
      "26": 0,
      "27": 0,
      "28": 0,
      "29": 0,
      "30": 0,
      "31": 0,
      "32": 0,
      "33": 0,
      "34": 0,
      "35": 0,
      "36": 0,
      "37": 0,
      "38": 0,
      "39": 0,
      "40": 0,
      "41": 0,
      "42": 0,
      "43": 0,
      "44": 0,
      "45": 0,
      "46": 0,
      "47": 0,
      "48": 0,
      "49": 0,
      "50": 0,
      "51": 0,
      "52": 0,
      "53": 0,
      "54": 0,
      "55": 0,
      "56": 0,
      "57": 0,
      "58": 0,
      "59": 0,
      "60": 0,
      "61": 0,
      "62": 0,
      "63": 0,
      "64": 0,
      "65": 0,
      "66": 0,
      "67": 0,
      "68": 0,
      "69": 0,
      "70": 0,
      "71": 0,
      "72": 0,
      "73": 0,
      "74": 0,
      "75": 0,
      "76": 0,
      "77": 0,
      "78": 0,
      "79": 0,
      "80": 0,
      "81": 0,
      "82": 0,
      "83": 0,
      "84": 0,
      "85": 0,
      "86": 0,
      "87": 0,
      "88": 0,
      "89": 0,
      "90": 0,
      "91": 0,
      "92": 0,
      "93": 0,
      "94": 0,
      "95": 0,
      "96": 0,
      "97": 0,
      "98": 0,
      "99": 0,
      "100": 0,
      "101": 0,
      "102": 0,
      "103": 0,
      "104": 0,
      "105": 0,
      "106": 0,
      "107": 0,
      "108": 0,
      "109": 0,
      "110": 0,
      "111": 0,
      "112": 0,
      "113": 0,
      "114": 0,
      "115": 0,
      "116": 0,
      "117": 0,
      "118": 0,
      "119": 0,
      "120": 0,
      "121": 0,
      "122": 0,
      "123": 0,
      "124": 0,
      "125": 0,
      "126": 0,
      "127": 0,
      "128": 0,
      "129": 0,
      "130": 0,
      "131": 0,
      "132": 0,
      "133": 0,
      "134": 0,
      "135": 0,
      "136": 0,
      "137": 0,
      "138": 0,
      "139": 0,
      "140": 0,
      "141": 0,
      "142": 0
    },
    "f": {
      "0": 0,
      "1": 0,
      "2": 0,
      "3": 0,
      "4": 0,
      "5": 0,
      "6": 0,
      "7": 0,
      "8": 0,
      "9": 0,
      "10": 0,
      "11": 0,
      "12": 0
    },
    "b": {
      "0": [0, 0],
      "1": [0, 0],
      "2": [0, 0],
      "3": [0, 0],
      "4": [0],
      "5": [0, 0],
      "6": [0, 0],
      "7": [0],
      "8": [0],
      "9": [0],
      "10": [0, 0],
      "11": [0],
      "12": [0],
      "13": [0],
      "14": [0],
      "15": [0],
      "16": [0],
      "17": [0],
      "18": [0],
      "19": [0, 0],
      "20": [0],
      "21": [0, 0],
      "22": [0],
      "23": [0, 0]
    }
  },
  "X:\\Tukangin\\backend\\src\\api\\auth\\auth.validator.ts": {
    "path": "X:\\Tukangin\\backend\\src\\api\\auth\\auth.validator.ts",
    "statementMap": {
      "0": { "start": { "line": 1, "column": 0 }, "end": { "line": 1, "column": 24 } },
      "1": { "start": { "line": 2, "column": 0 }, "end": { "line": 2, "column": 64 } },
      "2": { "start": { "line": 7, "column": 13 }, "end": { "line": 18, "column": 3 } },
      "3": { "start": { "line": 23, "column": 13 }, "end": { "line": 26, "column": 3 } },
      "4": { "start": { "line": 31, "column": 13 }, "end": { "line": 35, "column": 3 } },
      "5": { "start": { "line": 40, "column": 13 }, "end": { "line": 42, "column": 3 } },
      "6": { "start": { "line": 47, "column": 13 }, "end": { "line": 52, "column": 3 } },
      "7": { "start": { "line": 57, "column": 13 }, "end": { "line": 70, "column": 5 } },
      "8": { "start": { "line": 67, "column": 20 }, "end": { "line": 67, "column": 61 } }
    },
    "fnMap": {
      "0": {
        "name": "(anonymous_0)",
        "decl": { "start": { "line": 67, "column": 10 }, "end": { "line": 67, "column": 11 } },
        "loc": { "start": { "line": 67, "column": 20 }, "end": { "line": 67, "column": 61 } }
      }
    },
    "branchMap": {},
    "s": { "0": 0, "1": 0, "2": 0, "3": 0, "4": 0, "5": 0, "6": 0, "7": 0, "8": 0 },
    "f": { "0": 0 },
    "b": {}
  },
  "X:\\Tukangin\\backend\\src\\api\\chat\\chat.routes.ts": {
    "path": "X:\\Tukangin\\backend\\src\\api\\chat\\chat.routes.ts",
    "statementMap": {
      "0": { "start": { "line": 1, "column": 0 }, "end": { "line": 1, "column": 30 } },
      "1": { "start": { "line": 2, "column": 0 }, "end": { "line": 2, "column": 64 } },
      "2": { "start": { "line": 4, "column": 15 }, "end": { "line": 4, "column": 31 } },
      "3": { "start": { "line": 7, "column": 0 }, "end": { "line": 7, "column": 25 } },
      "4": { "start": { "line": 9, "column": 0 }, "end": { "line": 9, "column": 22 } }
    },
    "fnMap": {},
    "branchMap": {},
    "s": { "0": 0, "1": 0, "2": 0, "3": 0, "4": 0 },
    "f": {},
    "b": {}
  },
  "X:\\Tukangin\\backend\\src\\api\\payment\\payment.controller.ts": {
    "path": "X:\\Tukangin\\backend\\src\\api\\payment\\payment.controller.ts",
    "statementMap": {
      "0": { "start": { "line": 2, "column": 0 }, "end": { "line": 2, "column": 64 } },
      "1": { "start": { "line": 3, "column": 0 }, "end": { "line": 3, "column": 44 } },
      "2": { "start": { "line": 4, "column": 0 }, "end": { "line": 4, "column": 49 } },
      "3": { "start": { "line": 6, "column": 23 }, "end": { "line": 6, "column": 43 } },
      "4": { "start": { "line": 13, "column": 31 }, "end": { "line": 42, "column": 1 } },
      "5": { "start": { "line": 14, "column": 2 }, "end": { "line": 41, "column": 3 } },
      "6": { "start": { "line": 15, "column": 32 }, "end": { "line": 15, "column": 40 } },
      "7": { "start": { "line": 17, "column": 4 }, "end": { "line": 19, "column": 5 } },
      "8": { "start": { "line": 18, "column": 6 }, "end": { "line": 18, "column": 75 } },
      "9": { "start": { "line": 21, "column": 20 }, "end": { "line": 21, "column": 89 } },
      "10": { "start": { "line": 23, "column": 4 }, "end": { "line": 27, "column": 7 } },
      "11": { "start": { "line": 29, "column": 4 }, "end": { "line": 29, "column": 54 } },
      "12": { "start": { "line": 30, "column": 4 }, "end": { "line": 40, "column": 5 } },
      "13": { "start": { "line": 31, "column": 6 }, "end": { "line": 34, "column": 9 } },
      "14": { "start": { "line": 36, "column": 6 }, "end": { "line": 39, "column": 9 } },
      "15": { "start": { "line": 13, "column": 13 }, "end": { "line": 13, "column": 31 } },
      "16": { "start": { "line": 49, "column": 30 }, "end": { "line": 78, "column": 1 } },
      "17": { "start": { "line": 50, "column": 2 }, "end": { "line": 77, "column": 3 } },
      "18": { "start": { "line": 51, "column": 41 }, "end": { "line": 51, "column": 49 } },
      "19": { "start": { "line": 53, "column": 4 }, "end": { "line": 55, "column": 5 } },
      "20": { "start": { "line": 54, "column": 6 }, "end": { "line": 54, "column": 74 } },
      "21": { "start": { "line": 57, "column": 20 }, "end": { "line": 57, "column": 89 } },
      "22": { "start": { "line": 59, "column": 4 }, "end": { "line": 63, "column": 7 } },
      "23": { "start": { "line": 65, "column": 4 }, "end": { "line": 65, "column": 55 } },
      "24": { "start": { "line": 66, "column": 4 }, "end": { "line": 76, "column": 5 } },
      "25": { "start": { "line": 67, "column": 6 }, "end": { "line": 70, "column": 9 } },
      "26": { "start": { "line": 72, "column": 6 }, "end": { "line": 75, "column": 9 } },
      "27": { "start": { "line": 49, "column": 13 }, "end": { "line": 49, "column": 30 } },
      "28": { "start": { "line": 85, "column": 29 }, "end": { "line": 114, "column": 1 } },
      "29": { "start": { "line": 86, "column": 2 }, "end": { "line": 113, "column": 3 } },
      "30": { "start": { "line": 87, "column": 24 }, "end": { "line": 87, "column": 34 } },
      "31": { "start": { "line": 89, "column": 4 }, "end": { "line": 91, "column": 5 } },
      "32": { "start": { "line": 90, "column": 6 }, "end": { "line": 90, "column": 53 } },
      "33": { "start": { "line": 93, "column": 20 }, "end": { "line": 93, "column": 71 } },
      "34": { "start": { "line": 95, "column": 4 }, "end": { "line": 99, "column": 7 } },
      "35": { "start": { "line": 101, "column": 4 }, "end": { "line": 101, "column": 52 } },
      "36": { "start": { "line": 102, "column": 4 }, "end": { "line": 112, "column": 5 } },
      "37": { "start": { "line": 103, "column": 6 }, "end": { "line": 106, "column": 9 } },
      "38": { "start": { "line": 108, "column": 6 }, "end": { "line": 111, "column": 9 } },
      "39": { "start": { "line": 85, "column": 13 }, "end": { "line": 85, "column": 29 } },
      "40": { "start": { "line": 121, "column": 29 }, "end": { "line": 155, "column": 1 } },
      "41": { "start": { "line": 122, "column": 2 }, "end": { "line": 154, "column": 3 } },
      "42": { "start": { "line": 123, "column": 24 }, "end": { "line": 123, "column": 34 } },
      "43": { "start": { "line": 124, "column": 23 }, "end": { "line": 124, "column": 31 } },
      "44": { "start": { "line": 126, "column": 4 }, "end": { "line": 128, "column": 5 } },
      "45": { "start": { "line": 127, "column": 6 }, "end": { "line": 127, "column": 53 } },
      "46": { "start": { "line": 130, "column": 4 }, "end": { "line": 132, "column": 5 } },
      "47": { "start": { "line": 131, "column": 6 }, "end": { "line": 131, "column": 58 } },
      "48": { "start": { "line": 134, "column": 20 }, "end": { "line": 134, "column": 79 } },
      "49": { "start": { "line": 136, "column": 4 }, "end": { "line": 140, "column": 7 } },
      "50": { "start": { "line": 142, "column": 4 }, "end": { "line": 142, "column": 51 } },
      "51": { "start": { "line": 143, "column": 4 }, "end": { "line": 153, "column": 5 } },
      "52": { "start": { "line": 144, "column": 6 }, "end": { "line": 147, "column": 9 } },
      "53": { "start": { "line": 149, "column": 6 }, "end": { "line": 152, "column": 9 } },
      "54": { "start": { "line": 121, "column": 13 }, "end": { "line": 121, "column": 29 } },
      "55": { "start": { "line": 162, "column": 30 }, "end": { "line": 194, "column": 1 } },
      "56": { "start": { "line": 163, "column": 2 }, "end": { "line": 193, "column": 3 } },
      "57": { "start": { "line": 164, "column": 19 }, "end": { "line": 164, "column": 29 } },
      "58": { "start": { "line": 166, "column": 4 }, "end": { "line": 168, "column": 5 } },
      "59": { "start": { "line": 167, "column": 6 }, "end": { "line": 167, "column": 55 } },
      "60": { "start": { "line": 170, "column": 20 }, "end": { "line": 170, "column": 67 } },
      "61": { "start": { "line": 172, "column": 4 }, "end": { "line": 174, "column": 5 } },
      "62": { "start": { "line": 173, "column": 6 }, "end": { "line": 173, "column": 60 } },
      "63": { "start": { "line": 176, "column": 4 }, "end": { "line": 179, "column": 7 } },
      "64": { "start": { "line": 181, "column": 4 }, "end": { "line": 181, "column": 64 } },
      "65": { "start": { "line": 182, "column": 4 }, "end": { "line": 192, "column": 5 } },
      "66": { "start": { "line": 183, "column": 6 }, "end": { "line": 186, "column": 9 } },
      "67": { "start": { "line": 188, "column": 6 }, "end": { "line": 191, "column": 9 } },
      "68": { "start": { "line": 162, "column": 13 }, "end": { "line": 162, "column": 30 } },
      "69": { "start": { "line": 201, "column": 35 }, "end": { "line": 233, "column": 1 } },
      "70": { "start": { "line": 202, "column": 2 }, "end": { "line": 232, "column": 3 } },
      "71": { "start": { "line": 203, "column": 24 }, "end": { "line": 203, "column": 34 } },
      "72": { "start": { "line": 205, "column": 4 }, "end": { "line": 207, "column": 5 } },
      "73": { "start": { "line": 206, "column": 6 }, "end": { "line": 206, "column": 53 } },
      "74": { "start": { "line": 209, "column": 20 }, "end": { "line": 209, "column": 77 } },
      "75": { "start": { "line": 211, "column": 4 }, "end": { "line": 213, "column": 5 } },
      "76": { "start": { "line": 212, "column": 6 }, "end": { "line": 212, "column": 76 } },
      "77": { "start": { "line": 215, "column": 4 }, "end": { "line": 218, "column": 7 } },
      "78": { "start": { "line": 220, "column": 4 }, "end": { "line": 220, "column": 78 } },
      "79": { "start": { "line": 221, "column": 4 }, "end": { "line": 231, "column": 5 } },
      "80": { "start": { "line": 222, "column": 6 }, "end": { "line": 225, "column": 9 } },
      "81": { "start": { "line": 227, "column": 6 }, "end": { "line": 230, "column": 9 } },
      "82": { "start": { "line": 201, "column": 13 }, "end": { "line": 201, "column": 35 } }
    },
    "fnMap": {
      "0": {
        "name": "(anonymous_0)",
        "decl": { "start": { "line": 13, "column": 31 }, "end": { "line": 13, "column": 36 } },
        "loc": { "start": { "line": 13, "column": 69 }, "end": { "line": 42, "column": 1 } }
      },
      "1": {
        "name": "(anonymous_1)",
        "decl": { "start": { "line": 49, "column": 30 }, "end": { "line": 49, "column": 35 } },
        "loc": { "start": { "line": 49, "column": 68 }, "end": { "line": 78, "column": 1 } }
      },
      "2": {
        "name": "(anonymous_2)",
        "decl": { "start": { "line": 85, "column": 29 }, "end": { "line": 85, "column": 34 } },
        "loc": { "start": { "line": 85, "column": 67 }, "end": { "line": 114, "column": 1 } }
      },
      "3": {
        "name": "(anonymous_3)",
        "decl": { "start": { "line": 121, "column": 29 }, "end": { "line": 121, "column": 34 } },
        "loc": { "start": { "line": 121, "column": 67 }, "end": { "line": 155, "column": 1 } }
      },
      "4": {
        "name": "(anonymous_4)",
        "decl": { "start": { "line": 162, "column": 30 }, "end": { "line": 162, "column": 35 } },
        "loc": { "start": { "line": 162, "column": 68 }, "end": { "line": 194, "column": 1 } }
      },
      "5": {
        "name": "(anonymous_5)",
        "decl": { "start": { "line": 201, "column": 35 }, "end": { "line": 201, "column": 40 } },
        "loc": { "start": { "line": 201, "column": 73 }, "end": { "line": 233, "column": 1 } }
      }
    },
    "branchMap": {
      "0": {
        "loc": { "start": { "line": 17, "column": 4 }, "end": { "line": 19, "column": 5 } },
        "type": "if",
        "locations": [{ "start": { "line": 17, "column": 4 }, "end": { "line": 19, "column": 5 } }]
      },
      "1": {
        "loc": { "start": { "line": 17, "column": 8 }, "end": { "line": 17, "column": 27 } },
        "type": "binary-expr",
        "locations": [
          { "start": { "line": 17, "column": 8 }, "end": { "line": 17, "column": 16 } },
          { "start": { "line": 17, "column": 20 }, "end": { "line": 17, "column": 27 } }
        ]
      },
      "2": {
        "loc": { "start": { "line": 30, "column": 4 }, "end": { "line": 40, "column": 5 } },
        "type": "if",
        "locations": [
          { "start": { "line": 30, "column": 4 }, "end": { "line": 40, "column": 5 } },
          { "start": { "line": 35, "column": 11 }, "end": { "line": 40, "column": 5 } }
        ]
      },
      "3": {
        "loc": { "start": { "line": 53, "column": 4 }, "end": { "line": 55, "column": 5 } },
        "type": "if",
        "locations": [{ "start": { "line": 53, "column": 4 }, "end": { "line": 55, "column": 5 } }]
      },
      "4": {
        "loc": { "start": { "line": 53, "column": 8 }, "end": { "line": 53, "column": 36 } },
        "type": "binary-expr",
        "locations": [
          { "start": { "line": 53, "column": 8 }, "end": { "line": 53, "column": 18 } },
          { "start": { "line": 53, "column": 22 }, "end": { "line": 53, "column": 36 } }
        ]
      },
      "5": {
        "loc": { "start": { "line": 66, "column": 4 }, "end": { "line": 76, "column": 5 } },
        "type": "if",
        "locations": [
          { "start": { "line": 66, "column": 4 }, "end": { "line": 76, "column": 5 } },
          { "start": { "line": 71, "column": 11 }, "end": { "line": 76, "column": 5 } }
        ]
      },
      "6": {
        "loc": { "start": { "line": 89, "column": 4 }, "end": { "line": 91, "column": 5 } },
        "type": "if",
        "locations": [{ "start": { "line": 89, "column": 4 }, "end": { "line": 91, "column": 5 } }]
      },
      "7": {
        "loc": { "start": { "line": 102, "column": 4 }, "end": { "line": 112, "column": 5 } },
        "type": "if",
        "locations": [
          { "start": { "line": 102, "column": 4 }, "end": { "line": 112, "column": 5 } },
          { "start": { "line": 107, "column": 11 }, "end": { "line": 112, "column": 5 } }
        ]
      },
      "8": {
        "loc": { "start": { "line": 126, "column": 4 }, "end": { "line": 128, "column": 5 } },
        "type": "if",
        "locations": [
          { "start": { "line": 126, "column": 4 }, "end": { "line": 128, "column": 5 } }
        ]
      },
      "9": {
        "loc": { "start": { "line": 130, "column": 4 }, "end": { "line": 132, "column": 5 } },
        "type": "if",
        "locations": [
          { "start": { "line": 130, "column": 4 }, "end": { "line": 132, "column": 5 } }
        ]
      },
      "10": {
        "loc": { "start": { "line": 143, "column": 4 }, "end": { "line": 153, "column": 5 } },
        "type": "if",
        "locations": [
          { "start": { "line": 143, "column": 4 }, "end": { "line": 153, "column": 5 } },
          { "start": { "line": 148, "column": 11 }, "end": { "line": 153, "column": 5 } }
        ]
      },
      "11": {
        "loc": { "start": { "line": 166, "column": 4 }, "end": { "line": 168, "column": 5 } },
        "type": "if",
        "locations": [
          { "start": { "line": 166, "column": 4 }, "end": { "line": 168, "column": 5 } }
        ]
      },
      "12": {
        "loc": { "start": { "line": 172, "column": 4 }, "end": { "line": 174, "column": 5 } },
        "type": "if",
        "locations": [
          { "start": { "line": 172, "column": 4 }, "end": { "line": 174, "column": 5 } }
        ]
      },
      "13": {
        "loc": { "start": { "line": 182, "column": 4 }, "end": { "line": 192, "column": 5 } },
        "type": "if",
        "locations": [
          { "start": { "line": 182, "column": 4 }, "end": { "line": 192, "column": 5 } },
          { "start": { "line": 187, "column": 11 }, "end": { "line": 192, "column": 5 } }
        ]
      },
      "14": {
        "loc": { "start": { "line": 205, "column": 4 }, "end": { "line": 207, "column": 5 } },
        "type": "if",
        "locations": [
          { "start": { "line": 205, "column": 4 }, "end": { "line": 207, "column": 5 } }
        ]
      },
      "15": {
        "loc": { "start": { "line": 211, "column": 4 }, "end": { "line": 213, "column": 5 } },
        "type": "if",
        "locations": [
          { "start": { "line": 211, "column": 4 }, "end": { "line": 213, "column": 5 } }
        ]
      },
      "16": {
        "loc": { "start": { "line": 221, "column": 4 }, "end": { "line": 231, "column": 5 } },
        "type": "if",
        "locations": [
          { "start": { "line": 221, "column": 4 }, "end": { "line": 231, "column": 5 } },
          { "start": { "line": 226, "column": 11 }, "end": { "line": 231, "column": 5 } }
        ]
      }
    },
    "s": {
      "0": 0,
      "1": 0,
      "2": 0,
      "3": 0,
      "4": 0,
      "5": 0,
      "6": 0,
      "7": 0,
      "8": 0,
      "9": 0,
      "10": 0,
      "11": 0,
      "12": 0,
      "13": 0,
      "14": 0,
      "15": 0,
      "16": 0,
      "17": 0,
      "18": 0,
      "19": 0,
      "20": 0,
      "21": 0,
      "22": 0,
      "23": 0,
      "24": 0,
      "25": 0,
      "26": 0,
      "27": 0,
      "28": 0,
      "29": 0,
      "30": 0,
      "31": 0,
      "32": 0,
      "33": 0,
      "34": 0,
      "35": 0,
      "36": 0,
      "37": 0,
      "38": 0,
      "39": 0,
      "40": 0,
      "41": 0,
      "42": 0,
      "43": 0,
      "44": 0,
      "45": 0,
      "46": 0,
      "47": 0,
      "48": 0,
      "49": 0,
      "50": 0,
      "51": 0,
      "52": 0,
      "53": 0,
      "54": 0,
      "55": 0,
      "56": 0,
      "57": 0,
      "58": 0,
      "59": 0,
      "60": 0,
      "61": 0,
      "62": 0,
      "63": 0,
      "64": 0,
      "65": 0,
      "66": 0,
      "67": 0,
      "68": 0,
      "69": 0,
      "70": 0,
      "71": 0,
      "72": 0,
      "73": 0,
      "74": 0,
      "75": 0,
      "76": 0,
      "77": 0,
      "78": 0,
      "79": 0,
      "80": 0,
      "81": 0,
      "82": 0
    },
    "f": { "0": 0, "1": 0, "2": 0, "3": 0, "4": 0, "5": 0 },
    "b": {
      "0": [0],
      "1": [0, 0],
      "2": [0, 0],
      "3": [0],
      "4": [0, 0],
      "5": [0, 0],
      "6": [0],
      "7": [0, 0],
      "8": [0],
      "9": [0],
      "10": [0, 0],
      "11": [0],
      "12": [0],
      "13": [0, 0],
      "14": [0],
      "15": [0],
      "16": [0, 0]
    }
  },
  "X:\\Tukangin\\backend\\src\\api\\payment\\payment.routes.ts": {
    "path": "X:\\Tukangin\\backend\\src\\api\\payment\\payment.routes.ts",
    "statementMap": {
      "0": { "start": { "line": 1, "column": 0 }, "end": { "line": 1, "column": 33 } },
      "1": { "start": { "line": 2, "column": 0 }, "end": { "line": 2, "column": 58 } },
      "2": { "start": { "line": 3, "column": 0 }, "end": { "line": 3, "column": 73 } },
      "3": { "start": { "line": 4, "column": 0 }, "end": { "line": 4, "column": 64 } },
      "4": { "start": { "line": 5, "column": 0 }, "end": { "line": 5, "column": 61 } },
      "5": { "start": { "line": 6, "column": 0 }, "end": { "line": 6, "column": 42 } },
      "6": { "start": { "line": 7, "column": 0 }, "end": { "line": 7, "column": 61 } },
      "7": { "start": { "line": 8, "column": 0 }, "end": { "line": 8, "column": null } },
      "8": { "start": { "line": 17, "column": 15 }, "end": { "line": 17, "column": 23 } },
      "9": { "start": { "line": 24, "column": 0 }, "end": { "line": 31, "column": 2 } },
      "10": { "start": { "line": 29, "column": 41 }, "end": { "line": 29, "column": 70 } },
      "11": { "start": { "line": 38, "column": 0 }, "end": { "line": 45, "column": 2 } },
      "12": { "start": { "line": 43, "column": 40 }, "end": { "line": 43, "column": 73 } },
      "13": { "start": { "line": 52, "column": 0 }, "end": { "line": 59, "column": 2 } },
      "14": { "start": { "line": 57, "column": 39 }, "end": { "line": 57, "column": 70 } },
      "15": { "start": { "line": 66, "column": 0 }, "end": { "line": 73, "column": 2 } },
      "16": { "start": { "line": 71, "column": 39 }, "end": { "line": 71, "column": 70 } },
      "17": { "start": { "line": 80, "column": 0 }, "end": { "line": 85, "column": 2 } },
      "18": { "start": { "line": 92, "column": 0 }, "end": { "line": 97, "column": 2 } },
      "19": { "start": { "line": 99, "column": 0 }, "end": { "line": 99, "column": 22 } }
    },
    "fnMap": {
      "0": {
        "name": "(anonymous_9)",
        "decl": { "start": { "line": 29, "column": 31 }, "end": { "line": 29, "column": 32 } },
        "loc": { "start": { "line": 29, "column": 41 }, "end": { "line": 29, "column": 70 } }
      },
      "1": {
        "name": "(anonymous_10)",
        "decl": { "start": { "line": 43, "column": 30 }, "end": { "line": 43, "column": 31 } },
        "loc": { "start": { "line": 43, "column": 40 }, "end": { "line": 43, "column": 73 } }
      },
      "2": {
        "name": "(anonymous_11)",
        "decl": { "start": { "line": 57, "column": 29 }, "end": { "line": 57, "column": 30 } },
        "loc": { "start": { "line": 57, "column": 39 }, "end": { "line": 57, "column": 70 } }
      },
      "3": {
        "name": "(anonymous_12)",
        "decl": { "start": { "line": 71, "column": 29 }, "end": { "line": 71, "column": 30 } },
        "loc": { "start": { "line": 71, "column": 39 }, "end": { "line": 71, "column": 70 } }
      }
    },
    "branchMap": {},
    "s": {
      "0": 0,
      "1": 0,
      "2": 0,
      "3": 0,
      "4": 0,
      "5": 0,
      "6": 0,
      "7": 0,
      "8": 0,
      "9": 0,
      "10": 0,
      "11": 0,
      "12": 0,
      "13": 0,
      "14": 0,
      "15": 0,
      "16": 0,
      "17": 0,
      "18": 0,
      "19": 0
    },
    "f": { "0": 0, "1": 0, "2": 0, "3": 0 },
    "b": {}
  },
  "X:\\Tukangin\\backend\\src\\api\\payment\\payment.validator.ts": {
    "path": "X:\\Tukangin\\backend\\src\\api\\payment\\payment.validator.ts",
    "statementMap": {
      "0": { "start": { "line": 1, "column": 0 }, "end": { "line": 1, "column": 24 } },
      "1": { "start": { "line": 6, "column": 13 }, "end": { "line": 21, "column": 3 } },
      "2": { "start": { "line": 26, "column": 13 }, "end": { "line": 41, "column": 3 } },
      "3": { "start": { "line": 46, "column": 13 }, "end": { "line": 55, "column": 3 } },
      "4": { "start": { "line": 60, "column": 13 }, "end": { "line": 79, "column": 3 } },
      "5": { "start": { "line": 84, "column": 13 }, "end": { "line": 93, "column": 3 } },
      "6": { "start": { "line": 98, "column": 13 }, "end": { "line": 107, "column": 3 } }
    },
    "fnMap": {},
    "branchMap": {},
    "s": { "0": 0, "1": 0, "2": 0, "3": 0, "4": 0, "5": 0, "6": 0 },
    "f": {},
    "b": {}
  },
  "X:\\Tukangin\\backend\\src\\api\\provider\\provider.routes.ts": {
    "path": "X:\\Tukangin\\backend\\src\\api\\provider\\provider.routes.ts",
    "statementMap": {
      "0": { "start": { "line": 1, "column": 0 }, "end": { "line": 1, "column": 30 } },
      "1": { "start": { "line": 2, "column": 0 }, "end": { "line": 2, "column": 60 } },
      "2": { "start": { "line": 3, "column": 0 }, "end": { "line": 3, "column": 64 } },
      "3": { "start": { "line": 4, "column": 0 }, "end": { "line": 4, "column": 61 } },
      "4": { "start": { "line": 5, "column": 0 }, "end": { "line": 5, "column": 73 } },
      "5": { "start": { "line": 6, "column": 0 }, "end": { "line": 6, "column": 50 } },
      "6": { "start": { "line": 7, "column": 0 }, "end": { "line": 7, "column": 69 } },
      "7": { "start": { "line": 9, "column": 15 }, "end": { "line": 9, "column": 31 } },
      "8": { "start": { "line": 18, "column": 0 }, "end": { "line": 18, "column": 49 } },
      "9": { "start": { "line": 25, "column": 0 }, "end": { "line": 25, "column": 55 } },
      "10": { "start": { "line": 32, "column": 0 }, "end": { "line": 32, "column": 68 } },
      "11": { "start": { "line": 39, "column": 0 }, "end": { "line": 45, "column": 2 } },
      "12": { "start": { "line": 52, "column": 0 }, "end": { "line": 57, "column": 2 } },
      "13": { "start": { "line": 59, "column": 0 }, "end": { "line": 59, "column": 22 } }
    },
    "fnMap": {},
    "branchMap": {},
    "s": {
      "0": 0,
      "1": 0,
      "2": 0,
      "3": 0,
      "4": 0,
      "5": 0,
      "6": 0,
      "7": 0,
      "8": 0,
      "9": 0,
      "10": 0,
      "11": 0,
      "12": 0,
      "13": 0
    },
    "f": {},
    "b": {}
  },
  "X:\\Tukangin\\backend\\src\\api\\review\\review.routes.ts": {
    "path": "X:\\Tukangin\\backend\\src\\api\\review\\review.routes.ts",
    "statementMap": {
      "0": { "start": { "line": 1, "column": 0 }, "end": { "line": 1, "column": 33 } },
      "1": { "start": { "line": 2, "column": 0 }, "end": { "line": 2, "column": 56 } },
      "2": { "start": { "line": 3, "column": 0 }, "end": { "line": 3, "column": 73 } },
      "3": { "start": { "line": 4, "column": 0 }, "end": { "line": 4, "column": 64 } },
      "4": { "start": { "line": 5, "column": 0 }, "end": { "line": 5, "column": 61 } },
      "5": { "start": { "line": 6, "column": 0 }, "end": { "line": 6, "column": 42 } },
      "6": { "start": { "line": 7, "column": 0 }, "end": { "line": 7, "column": 61 } },
      "7": { "start": { "line": 8, "column": 0 }, "end": { "line": 8, "column": null } },
      "8": { "start": { "line": 16, "column": 15 }, "end": { "line": 16, "column": 23 } },
      "9": { "start": { "line": 23, "column": 0 }, "end": { "line": 30, "column": 2 } },
      "10": { "start": { "line": 28, "column": 38 }, "end": { "line": 28, "column": 67 } },
      "11": { "start": { "line": 37, "column": 0 }, "end": { "line": 41, "column": 2 } },
      "12": { "start": { "line": 48, "column": 0 }, "end": { "line": 52, "column": 2 } },
      "13": { "start": { "line": 59, "column": 0 }, "end": { "line": 63, "column": 2 } },
      "14": { "start": { "line": 70, "column": 0 }, "end": { "line": 77, "column": 2 } },
      "15": { "start": { "line": 75, "column": 38 }, "end": { "line": 75, "column": 65 } },
      "16": { "start": { "line": 79, "column": 0 }, "end": { "line": 79, "column": 22 } }
    },
    "fnMap": {
      "0": {
        "name": "(anonymous_9)",
        "decl": { "start": { "line": 28, "column": 28 }, "end": { "line": 28, "column": 29 } },
        "loc": { "start": { "line": 28, "column": 38 }, "end": { "line": 28, "column": 67 } }
      },
      "1": {
        "name": "(anonymous_10)",
        "decl": { "start": { "line": 75, "column": 28 }, "end": { "line": 75, "column": 29 } },
        "loc": { "start": { "line": 75, "column": 38 }, "end": { "line": 75, "column": 65 } }
      }
    },
    "branchMap": {},
    "s": {
      "0": 0,
      "1": 0,
      "2": 0,
      "3": 0,
      "4": 0,
      "5": 0,
      "6": 0,
      "7": 0,
      "8": 0,
      "9": 0,
      "10": 0,
      "11": 0,
      "12": 0,
      "13": 0,
      "14": 0,
      "15": 0,
      "16": 0
    },
    "f": { "0": 0, "1": 0 },
    "b": {}
  },
  "X:\\Tukangin\\backend\\src\\api\\review\\review.validator.ts": {
    "path": "X:\\Tukangin\\backend\\src\\api\\review\\review.validator.ts",
    "statementMap": {
      "0": { "start": { "line": 1, "column": 0 }, "end": { "line": 1, "column": 24 } },
      "1": { "start": { "line": 6, "column": 13 }, "end": { "line": 34, "column": 3 } },
      "2": { "start": { "line": 39, "column": 13 }, "end": { "line": 48, "column": 3 } },
      "3": { "start": { "line": 53, "column": 13 }, "end": { "line": 62, "column": 3 } },
      "4": { "start": { "line": 67, "column": 13 }, "end": { "line": 76, "column": 3 } },
      "5": { "start": { "line": 81, "column": 13 }, "end": { "line": 90, "column": 3 } }
    },
    "fnMap": {},
    "branchMap": {},
    "s": { "0": 0, "1": 0, "2": 0, "3": 0, "4": 0, "5": 0 },
    "f": {},
    "b": {}
  },
  "X:\\Tukangin\\backend\\src\\api\\user\\user.routes.ts": {
    "path": "X:\\Tukangin\\backend\\src\\api\\user\\user.routes.ts",
    "statementMap": {
      "0": { "start": { "line": 1, "column": 0 }, "end": { "line": 1, "column": 33 } },
      "1": { "start": { "line": 2, "column": 0 }, "end": { "line": 2, "column": 52 } },
      "2": { "start": { "line": 3, "column": 0 }, "end": { "line": 3, "column": 64 } },
      "3": { "start": { "line": 4, "column": 0 }, "end": { "line": 4, "column": 77 } },
      "4": { "start": { "line": 5, "column": 0 }, "end": { "line": 5, "column": 50 } },
      "5": { "start": { "line": 6, "column": 0 }, "end": { "line": 6, "column": 73 } },
      "6": { "start": { "line": 7, "column": 0 }, "end": { "line": 7, "column": 76 } },
      "7": { "start": { "line": 9, "column": 15 }, "end": { "line": 9, "column": 23 } },
      "8": { "start": { "line": 16, "column": 0 }, "end": { "line": 16, "column": 84 } },
      "9": { "start": { "line": 23, "column": 0 }, "end": { "line": 28, "column": 2 } },
      "10": { "start": { "line": 26, "column": 26 }, "end": { "line": 26, "column": 49 } },
      "11": { "start": { "line": 35, "column": 0 }, "end": { "line": 41, "column": 2 } },
      "12": { "start": { "line": 48, "column": 0 }, "end": { "line": 54, "column": 2 } },
      "13": { "start": { "line": 51, "column": 26 }, "end": { "line": 51, "column": 49 } },
      "14": { "start": { "line": 61, "column": 0 }, "end": { "line": 66, "column": 2 } },
      "15": { "start": { "line": 68, "column": 0 }, "end": { "line": 68, "column": 22 } }
    },
    "fnMap": {
      "0": {
        "name": "(anonymous_9)",
        "decl": { "start": { "line": 26, "column": 17 }, "end": { "line": 26, "column": 18 } },
        "loc": { "start": { "line": 26, "column": 26 }, "end": { "line": 26, "column": 49 } }
      },
      "1": {
        "name": "(anonymous_10)",
        "decl": { "start": { "line": 51, "column": 17 }, "end": { "line": 51, "column": 18 } },
        "loc": { "start": { "line": 51, "column": 26 }, "end": { "line": 51, "column": 49 } }
      }
    },
    "branchMap": {},
    "s": {
      "0": 0,
      "1": 0,
      "2": 0,
      "3": 0,
      "4": 0,
      "5": 0,
      "6": 0,
      "7": 0,
      "8": 0,
      "9": 0,
      "10": 0,
      "11": 0,
      "12": 0,
      "13": 0,
      "14": 0,
      "15": 0
    },
    "f": { "0": 0, "1": 0 },
    "b": {}
  },
  "X:\\Tukangin\\backend\\src\\config\\prisma.ts": {
    "path": "X:\\Tukangin\\backend\\src\\config\\prisma.ts",
    "statementMap": {
      "0": { "start": { "line": 1, "column": 0 }, "end": { "line": 1, "column": 46 } },
      "1": { "start": { "line": 2, "column": 0 }, "end": { "line": 2, "column": 41 } },
      "2": { "start": { "line": 5, "column": 15 }, "end": { "line": 25, "column": 2 } },
      "3": { "start": { "line": 28, "column": 0 }, "end": { "line": 33, "column": 1 } },
      "4": { "start": { "line": 29, "column": 2 }, "end": { "line": 32, "column": 5 } },
      "5": { "start": { "line": 30, "column": 4 }, "end": { "line": 30, "column": 38 } },
      "6": { "start": { "line": 31, "column": 4 }, "end": { "line": 31, "column": 46 } },
      "7": { "start": { "line": 36, "column": 0 }, "end": { "line": 38, "column": 3 } },
      "8": { "start": { "line": 37, "column": 2 }, "end": { "line": 37, "column": 45 } },
      "9": { "start": { "line": 41, "column": 0 }, "end": { "line": 43, "column": 3 } },
      "10": { "start": { "line": 42, "column": 2 }, "end": { "line": 42, "column": 46 } },
      "11": { "start": { "line": 45, "column": 0 }, "end": { "line": 45, "column": 22 } }
    },
    "fnMap": {
      "0": {
        "name": "(anonymous_0)",
        "decl": { "start": { "line": 29, "column": 22 }, "end": { "line": 29, "column": 23 } },
        "loc": { "start": { "line": 29, "column": 33 }, "end": { "line": 32, "column": 3 } }
      },
      "1": {
        "name": "(anonymous_1)",
        "decl": { "start": { "line": 36, "column": 20 }, "end": { "line": 36, "column": 21 } },
        "loc": { "start": { "line": 36, "column": 31 }, "end": { "line": 38, "column": 1 } }
      },
      "2": {
        "name": "(anonymous_2)",
        "decl": { "start": { "line": 41, "column": 19 }, "end": { "line": 41, "column": 20 } },
        "loc": { "start": { "line": 41, "column": 30 }, "end": { "line": 43, "column": 1 } }
      }
    },
    "branchMap": {
      "0": {
        "loc": { "start": { "line": 28, "column": 0 }, "end": { "line": 33, "column": 1 } },
        "type": "if",
        "locations": [{ "start": { "line": 28, "column": 0 }, "end": { "line": 33, "column": 1 } }]
      }
    },
    "s": {
      "0": 0,
      "1": 0,
      "2": 0,
      "3": 0,
      "4": 0,
      "5": 0,
      "6": 0,
      "7": 0,
      "8": 0,
      "9": 0,
      "10": 0,
      "11": 0
    },
    "f": { "0": 0, "1": 0, "2": 0 },
    "b": { "0": [0] }
  },
  "X:\\Tukangin\\backend\\src\\middleware\\error.middleware.ts": {
    "path": "X:\\Tukangin\\backend\\src\\middleware\\error.middleware.ts",
    "statementMap": {
      "0": { "start": { "line": 2, "column": 0 }, "end": { "line": 2, "column": 41 } },
      "1": { "start": { "line": 4, "column": 0 }, "end": { "line": 4, "column": 31 } },
      "2": { "start": { "line": 5, "column": 0 }, "end": { "line": 5, "column": 79 } },
      "3": { "start": { "line": 13, "column": 4 }, "end": { "line": 13, "column": 19 } },
      "4": { "start": { "line": 14, "column": 4 }, "end": { "line": 14, "column": 33 } },
      "5": { "start": { "line": 15, "column": 4 }, "end": { "line": 15, "column": 30 } },
      "6": { "start": { "line": 17, "column": 4 }, "end": { "line": 17, "column": 52 } },
      "7": { "start": { "line": 8, "column": 0 }, "end": { "line": 8, "column": 13 } },
      "8": { "start": { "line": 24, "column": 28 }, "end": { "line": 98, "column": 1 } },
      "9": { "start": { "line": 30, "column": 2 }, "end": { "line": 30, "column": 46 } },
      "10": { "start": { "line": 31, "column": 2 }, "end": { "line": 31, "column": 56 } },
      "11": { "start": { "line": 34, "column": 19 }, "end": { "line": 34, "column": 22 } },
      "12": { "start": { "line": 35, "column": 16 }, "end": { "line": 35, "column": 47 } },
      "13": { "start": { "line": 36, "column": 18 }, "end": { "line": 36, "column": 31 } },
      "14": { "start": { "line": 39, "column": 2 }, "end": { "line": 83, "column": 3 } },
      "15": { "start": { "line": 40, "column": 4 }, "end": { "line": 40, "column": 32 } },
      "16": { "start": { "line": 41, "column": 4 }, "end": { "line": 41, "column": 26 } },
      "17": { "start": { "line": 42, "column": 4 }, "end": { "line": 42, "column": 35 } },
      "18": { "start": { "line": 46, "column": 7 }, "end": { "line": 83, "column": 3 } },
      "19": { "start": { "line": 47, "column": 4 }, "end": { "line": 47, "column": 21 } },
      "20": { "start": { "line": 48, "column": 4 }, "end": { "line": 48, "column": 62 } },
      "21": { "start": { "line": 49, "column": 4 }, "end": { "line": 49, "column": 34 } },
      "22": { "start": { "line": 53, "column": 7 }, "end": { "line": 83, "column": 3 } },
      "23": { "start": { "line": 54, "column": 4 }, "end": { "line": 54, "column": 21 } },
      "24": { "start": { "line": 57, "column": 4 }, "end": { "line": 68, "column": 5 } },
      "25": { "start": { "line": 58, "column": 21 }, "end": { "line": 58, "column": 49 } },
      "26": { "start": { "line": 59, "column": 6 }, "end": { "line": 59, "column": 56 } },
      "27": { "start": { "line": 62, "column": 9 }, "end": { "line": 68, "column": 5 } },
      "28": { "start": { "line": 63, "column": 6 }, "end": { "line": 63, "column": 52 } },
      "29": { "start": { "line": 64, "column": 6 }, "end": { "line": 64, "column": 23 } },
      "30": { "start": { "line": 67, "column": 6 }, "end": { "line": 67, "column": 33 } },
      "31": { "start": { "line": 70, "column": 4 }, "end": { "line": 70, "column": 32 } },
      "32": { "start": { "line": 74, "column": 7 }, "end": { "line": 83, "column": 3 } },
      "33": { "start": { "line": 75, "column": 4 }, "end": { "line": 75, "column": 21 } },
      "34": { "start": { "line": 76, "column": 4 }, "end": { "line": 76, "column": 34 } },
      "35": { "start": { "line": 77, "column": 4 }, "end": { "line": 77, "column": 38 } },
      "36": { "start": { "line": 79, "column": 7 }, "end": { "line": 83, "column": 3 } },
      "37": { "start": { "line": 80, "column": 4 }, "end": { "line": 80, "column": 21 } },
      "38": { "start": { "line": 81, "column": 4 }, "end": { "line": 81, "column": 40 } },
      "39": { "start": { "line": 82, "column": 4 }, "end": { "line": 82, "column": 38 } },
      "40": { "start": { "line": 86, "column": 38 }, "end": { "line": 90, "column": 4 } },
      "41": { "start": { "line": 93, "column": 2 }, "end": { "line": 95, "column": 3 } },
      "42": { "start": { "line": 94, "column": 4 }, "end": { "line": 94, "column": 64 } },
      "43": { "start": { "line": 97, "column": 2 }, "end": { "line": 97, "column": 47 } },
      "44": { "start": { "line": 24, "column": 13 }, "end": { "line": 24, "column": 28 } }
    },
    "fnMap": {
      "0": {
        "name": "(anonymous_0)",
        "decl": { "start": { "line": 12, "column": 2 }, "end": { "line": 12, "column": 14 } },
        "loc": { "start": { "line": 12, "column": 49 }, "end": { "line": 18, "column": 3 } }
      },
      "1": {
        "name": "(anonymous_1)",
        "decl": { "start": { "line": 24, "column": 28 }, "end": { "line": 24, "column": null } },
        "loc": { "start": { "line": 29, "column": 4 }, "end": { "line": 98, "column": 1 } }
      }
    },
    "branchMap": {
      "0": {
        "loc": { "start": { "line": 31, "column": 15 }, "end": { "line": 31, "column": 54 } },
        "type": "binary-expr",
        "locations": [
          { "start": { "line": 31, "column": 15 }, "end": { "line": 31, "column": 24 } },
          { "start": { "line": 31, "column": 28 }, "end": { "line": 31, "column": 54 } }
        ]
      },
[...]
        "loc": { "start": { "line": 4, "column": 23 }, "end": { "line": 7, "column": 1 } }
      }
    },
    "branchMap": {
      "0": {
        "loc": { "start": { "line": 4, "column": 12 }, "end": { "line": 4, "column": null } },
        "type": "binary-expr",
        "locations": [
          { "start": { "line": 4, "column": 12 }, "end": { "line": 4, "column": 23 } },
          { "start": { "line": 4, "column": 23 }, "end": { "line": 4, "column": null } }
        ]
      }
    },
    "s": { "0": 0, "1": 0, "2": 0 },
    "f": { "0": 0 },
    "b": { "0": [0, 0] }
  },
  "X:\\Tukangin\\backend\\src\\types\\user.types.ts": {
    "path": "X:\\Tukangin\\backend\\src\\types\\user.types.ts",
    "statementMap": {
      "0": { "start": { "line": 1, "column": 0 }, "end": { "line": 1, "column": 9 } },
      "1": { "start": { "line": 3, "column": 9 }, "end": { "line": 1, "column": 42 } },
      "2": { "start": { "line": 8, "column": 0 }, "end": { "line": 8, "column": null } },
      "3": { "start": { "line": 9, "column": 2 }, "end": { "line": 9, "column": null } },
      "4": { "start": { "line": 10, "column": 2 }, "end": { "line": 10, "column": null } },
      "5": { "start": { "line": 16, "column": 0 }, "end": { "line": 16, "column": null } },
      "6": { "start": { "line": 17, "column": 2 }, "end": { "line": 17, "column": null } },
      "7": { "start": { "line": 18, "column": 2 }, "end": { "line": 18, "column": null } },
      "8": { "start": { "line": 19, "column": 2 }, "end": { "line": 19, "column": null } },
      "9": { "start": { "line": 20, "column": 2 }, "end": { "line": 20, "column": null } },
      "10": { "start": { "line": 21, "column": 2 }, "end": { "line": 21, "column": null } },
      "11": { "start": { "line": 22, "column": 2 }, "end": { "line": 22, "column": null } },
      "12": { "start": { "line": 23, "column": 2 }, "end": { "line": 23, "column": null } }
    },
    "fnMap": {
      "0": {
        "name": "(anonymous_0)",
        "decl": { "start": { "line": 3, "column": 9 }, "end": { "line": 3, "column": 17 } },
        "loc": { "start": { "line": 3, "column": 9 }, "end": { "line": 1, "column": 42 } }
      },
      "1": {
        "name": "(anonymous_1)",
        "decl": { "start": { "line": 8, "column": 0 }, "end": { "line": 8, "column": 12 } },
        "loc": { "start": { "line": 8, "column": 24 }, "end": { "line": 11, "column": 1 } }
      },
      "2": {
        "name": "(anonymous_2)",
        "decl": { "start": { "line": 16, "column": 0 }, "end": { "line": 16, "column": 12 } },
        "loc": { "start": { "line": 16, "column": 21 }, "end": { "line": 24, "column": 1 } }
      }
    },
    "branchMap": {
      "0": {
        "loc": { "start": { "line": 8, "column": 12 }, "end": { "line": 8, "column": null } },
        "type": "binary-expr",
        "locations": [
          { "start": { "line": 8, "column": 12 }, "end": { "line": 8, "column": 24 } },
          { "start": { "line": 8, "column": 24 }, "end": { "line": 8, "column": null } }
        ]
      },
      "1": {
        "loc": { "start": { "line": 16, "column": 12 }, "end": { "line": 16, "column": null } },
        "type": "binary-expr",
        "locations": [
          { "start": { "line": 16, "column": 12 }, "end": { "line": 16, "column": 21 } },
          { "start": { "line": 16, "column": 21 }, "end": { "line": 16, "column": null } }
        ]
      }
    },
    "s": {
      "0": 0,
      "1": 0,
      "2": 0,
      "3": 0,
      "4": 0,
      "5": 0,
      "6": 0,
      "7": 0,
      "8": 0,
      "9": 0,
      "10": 0,
      "11": 0,
      "12": 0
    },
    "f": { "0": 0, "1": 0, "2": 0 },
    "b": { "0": [0, 0], "1": [0, 0] }
  },
  "X:\\Tukangin\\backend\\src\\utils\\api-error.ts": {
    "path": "X:\\Tukangin\\backend\\src\\utils\\api-error.ts",
    "statementMap": {
      "0": { "start": { "line": 8, "column": 4 }, "end": { "line": 8, "column": 19 } },
      "1": { "start": { "line": 9, "column": 4 }, "end": { "line": 9, "column": 33 } },
      "2": { "start": { "line": 10, "column": 4 }, "end": { "line": 10, "column": 27 } },
      "3": { "start": { "line": 13, "column": 4 }, "end": { "line": 13, "column": 52 } },
      "4": { "start": { "line": 4, "column": 0 }, "end": { "line": 4, "column": 13 } },
      "5": { "start": { "line": 20, "column": 30 }, "end": { "line": 22, "column": 1 } },
      "6": { "start": { "line": 21, "column": 2 }, "end": { "line": 21, "column": 43 } },
      "7": { "start": { "line": 20, "column": 13 }, "end": { "line": 20, "column": 30 } }
    },
    "fnMap": {
      "0": {
        "name": "(anonymous_0)",
        "decl": { "start": { "line": 7, "column": 2 }, "end": { "line": 7, "column": 14 } },
        "loc": { "start": { "line": 7, "column": 49 }, "end": { "line": 14, "column": 3 } }
      },
      "1": {
        "name": "(anonymous_1)",
        "decl": { "start": { "line": 20, "column": 30 }, "end": { "line": 20, "column": 31 } },
        "loc": { "start": { "line": 20, "column": 80 }, "end": { "line": 22, "column": 1 } }
      }
    },
    "branchMap": {},
    "s": { "0": 0, "1": 0, "2": 0, "3": 0, "4": 0, "5": 0, "6": 0, "7": 0 },
    "f": { "0": 0, "1": 0 },
    "b": {}
  },
  "X:\\Tukangin\\backend\\src\\utils\\db-test.ts": {
    "path": "X:\\Tukangin\\backend\\src\\utils\\db-test.ts",
    "statementMap": {
      "0": { "start": { "line": 1, "column": 0 }, "end": { "line": 1, "column": 46 } },
      "1": { "start": { "line": 2, "column": 0 }, "end": { "line": 2, "column": 33 } },
      "2": { "start": { "line": 5, "column": 0 }, "end": { "line": 5, "column": 16 } },
      "3": { "start": { "line": 8, "column": 15 }, "end": { "line": 8, "column": 33 } },
      "4": { "start": { "line": 14, "column": 2 }, "end": { "line": 39, "column": 3 } },
      "5": { "start": { "line": 15, "column": 4 }, "end": { "line": 15, "column": 76 } },
      "6": { "start": { "line": 16, "column": 4 }, "end": { "line": 16, "column": 97 } },
      "7": { "start": { "line": 19, "column": 19 }, "end": { "line": 19, "column": 61 } },
      "8": { "start": { "line": 21, "column": 4 }, "end": { "line": 21, "column": 46 } },
      "9": { "start": { "line": 22, "column": 4 }, "end": { "line": 22, "column": 44 } },
      "10": { "start": { "line": 25, "column": 22 }, "end": { "line": 29, "column": 6 } },
      "11": { "start": { "line": 30, "column": 4 }, "end": { "line": 30, "column": 45 } },
      "12": { "start": { "line": 31, "column": 4 }, "end": { "line": 31, "column": 27 } },
      "13": { "start": { "line": 34, "column": 4 }, "end": { "line": 34, "column": 50 } },
      "14": { "start": { "line": 35, "column": 4 }, "end": { "line": 35, "column": 25 } },
      "15": { "start": { "line": 38, "column": 4 }, "end": { "line": 38, "column": 31 } },
      "16": { "start": { "line": 43, "column": 0 }, "end": { "line": 45, "column": 74 } },
      "17": { "start": { "line": 44, "column": 14 }, "end": { "line": 44, "column": 63 } },
      "18": { "start": { "line": 45, "column": 20 }, "end": { "line": 45, "column": 72 } }
    },
    "fnMap": {
      "0": {
        "name": "testDatabaseConnection",
        "decl": { "start": { "line": 13, "column": 15 }, "end": { "line": 13, "column": 37 } },
        "loc": { "start": { "line": 13, "column": 37 }, "end": { "line": 40, "column": 1 } }
      },
      "1": {
        "name": "(anonymous_10)",
        "decl": { "start": { "line": 44, "column": 8 }, "end": { "line": 44, "column": 11 } },
        "loc": { "start": { "line": 44, "column": 14 }, "end": { "line": 44, "column": 63 } }
      },
      "2": {
        "name": "(anonymous_11)",
        "decl": { "start": { "line": 45, "column": 9 }, "end": { "line": 45, "column": 10 } },
        "loc": { "start": { "line": 45, "column": 20 }, "end": { "line": 45, "column": 72 } }
      }
    },
    "branchMap": {},
    "s": {
      "0": 0,
      "1": 0,
      "2": 0,
      "3": 0,
      "4": 0,
      "5": 0,
      "6": 0,
      "7": 0,
      "8": 0,
      "9": 0,
      "10": 0,
      "11": 0,
      "12": 0,
      "13": 0,
      "14": 0,
      "15": 0,
      "16": 0,
      "17": 0,
      "18": 0
    },
    "f": { "0": 0, "1": 0, "2": 0 },
    "b": {}
  },
  "X:\\Tukangin\\backend\\src\\utils\\logger.ts": {
    "path": "X:\\Tukangin\\backend\\src\\utils\\logger.ts",
    "statementMap": {
      "0": { "start": { "line": 1, "column": 0 }, "end": { "line": 1, "column": 30 } },
      "1": { "start": { "line": 4, "column": 18 }, "end": { "line": 7, "column": null } },
      "2": { "start": { "line": 7, "column": 32 }, "end": { "line": 7, "column": 82 } },
      "3": { "start": { "line": 11, "column": 13 }, "end": { "line": 35, "column": 3 } },
      "4": { "start": { "line": 38, "column": 0 }, "end": { "line": 45, "column": 1 } },
      "5": { "start": { "line": 39, "column": 2 }, "end": { "line": 44, "column": 6 } },
      "6": { "start": { "line": 48, "column": 26 }, "end": { "line": 55, "column": 1 } },
      "7": { "start": { "line": 49, "column": 16 }, "end": { "line": 49, "column": 26 } },
      "8": { "start": { "line": 50, "column": 2 }, "end": { "line": 53, "column": 5 } },
      "9": { "start": { "line": 51, "column": 21 }, "end": { "line": 51, "column": 39 } },
      "10": { "start": { "line": 52, "column": 4 }, "end": { "line": 52, "column": 78 } },
      "11": { "start": { "line": 54, "column": 2 }, "end": { "line": 54, "column": 9 } },
      "12": { "start": { "line": 48, "column": 13 }, "end": { "line": 48, "column": 26 } }
    },
    "fnMap": {
      "0": {
        "name": "(anonymous_1)",
        "decl": { "start": { "line": 7, "column": 24 }, "end": { "line": 7, "column": 28 } },
        "loc": { "start": { "line": 7, "column": 32 }, "end": { "line": 7, "column": 82 } }
      },
      "1": {
        "name": "(anonymous_2)",
        "decl": { "start": { "line": 48, "column": 26 }, "end": { "line": 48, "column": 27 } },
        "loc": { "start": { "line": 48, "column": 60 }, "end": { "line": 55, "column": 1 } }
      },
      "2": {
        "name": "(anonymous_3)",
        "decl": { "start": { "line": 50, "column": 19 }, "end": { "line": 50, "column": 22 } },
        "loc": { "start": { "line": 50, "column": 24 }, "end": { "line": 53, "column": 3 } }
      }
    },
    "branchMap": {
      "0": {
        "loc": { "start": { "line": 12, "column": 9 }, "end": { "line": 12, "column": 65 } },
        "type": "cond-expr",
        "locations": [
          { "start": { "line": 12, "column": 49 }, "end": { "line": 12, "column": 55 } },
          { "start": { "line": 12, "column": 58 }, "end": { "line": 12, "column": 65 } }
        ]
      },
      "1": {
        "loc": { "start": { "line": 38, "column": 0 }, "end": { "line": 45, "column": 1 } },
        "type": "if",
        "locations": [{ "start": { "line": 38, "column": 0 }, "end": { "line": 45, "column": 1 } }]
      }
    },
    "s": {
      "0": 0,
      "1": 0,
      "2": 0,
      "3": 0,
      "4": 0,
      "5": 0,
      "6": 0,
      "7": 0,
      "8": 0,
      "9": 0,
      "10": 0,
      "11": 0,
      "12": 0
    },
    "f": { "0": 0, "1": 0, "2": 0 },
    "b": { "0": [0, 0], "1": [0] }
  },
  "X:\\Tukangin\\backend\\src\\utils\\pg-test.ts": {
    "path": "X:\\Tukangin\\backend\\src\\utils\\pg-test.ts",
    "statementMap": {
      "0": { "start": { "line": 1, "column": 0 }, "end": { "line": 1, "column": 26 } },
      "1": { "start": { "line": 2, "column": 0 }, "end": { "line": 2, "column": 33 } },
      "2": { "start": { "line": 5, "column": 0 }, "end": { "line": 5, "column": 16 } },
      "3": { "start": { "line": 12, "column": 15 }, "end": { "line": 14, "column": 4 } },
      "4": { "start": { "line": 16, "column": 2 }, "end": { "line": 43, "column": 3 } },
      "5": { "start": { "line": 17, "column": 4 }, "end": { "line": 17, "column": 70 } },
      "6": { "start": { "line": 18, "column": 4 }, "end": { "line": 18, "column": 97 } },
      "7": { "start": { "line": 21, "column": 19 }, "end": { "line": 21, "column": 67 } },
      "8": { "start": { "line": 23, "column": 4 }, "end": { "line": 23, "column": 46 } },
      "9": { "start": { "line": 24, "column": 4 }, "end": { "line": 24, "column": 71 } },
      "10": { "start": { "line": 27, "column": 28 }, "end": { "line": 31, "column": 6 } },
      "11": { "start": { "line": 33, "column": 4 }, "end": { "line": 33, "column": 45 } },
      "12": { "start": { "line": 34, "column": 4 }, "end": { "line": 34, "column": 38 } },
      "13": { "start": { "line": 37, "column": 4 }, "end": { "line": 37, "column": 50 } },
      "14": { "start": { "line": 38, "column": 4 }, "end": { "line": 38, "column": 25 } },
      "15": { "start": { "line": 41, "column": 4 }, "end": { "line": 41, "column": 21 } },
      "16": { "start": { "line": 42, "column": 4 }, "end": { "line": 42, "column": 44 } },
      "17": { "start": { "line": 47, "column": 0 }, "end": { "line": 49, "column": 74 } },
      "18": { "start": { "line": 48, "column": 14 }, "end": { "line": 48, "column": 65 } },
      "19": { "start": { "line": 49, "column": 20 }, "end": { "line": 49, "column": 72 } }
    },
    "fnMap": {
      "0": {
        "name": "testPgConnection",
        "decl": { "start": { "line": 10, "column": 15 }, "end": { "line": 10, "column": 31 } },
        "loc": { "start": { "line": 10, "column": 31 }, "end": { "line": 44, "column": 1 } }
      },
      "1": {
        "name": "(anonymous_10)",
        "decl": { "start": { "line": 48, "column": 8 }, "end": { "line": 48, "column": 11 } },
        "loc": { "start": { "line": 48, "column": 14 }, "end": { "line": 48, "column": 65 } }
      },
      "2": {
        "name": "(anonymous_11)",
        "decl": { "start": { "line": 49, "column": 9 }, "end": { "line": 49, "column": 10 } },
        "loc": { "start": { "line": 49, "column": 20 }, "end": { "line": 49, "column": 72 } }
      }
    },
    "branchMap": {},
    "s": {
      "0": 0,
      "1": 0,
      "2": 0,
      "3": 0,
      "4": 0,
      "5": 0,
      "6": 0,
      "7": 0,
      "8": 0,
      "9": 0,
      "10": 0,
      "11": 0,
      "12": 0,
      "13": 0,
      "14": 0,
      "15": 0,
      "16": 0,
      "17": 0,
      "18": 0,
      "19": 0
    },
    "f": { "0": 0, "1": 0, "2": 0 },
    "b": {}
  },
  "X:\\Tukangin\\backend\\src\\utils\\validators.ts": {
    "path": "X:\\Tukangin\\backend\\src\\utils\\validators.ts",
    "statementMap": {
      "0": { "start": { "line": 1, "column": 0 }, "end": { "line": 1, "column": 24 } },
      "1": { "start": { "line": 2, "column": 0 }, "end": { "line": 2, "column": 61 } },
      "2": { "start": { "line": 3, "column": 0 }, "end": { "line": 3, "column": 53 } },
      "3": { "start": { "line": 4, "column": 0 }, "end": { "line": 4, "column": 51 } },
      "4": { "start": { "line": 9, "column": 13 }, "end": { "line": 16, "column": 3 } },
      "5": { "start": { "line": 21, "column": 13 }, "end": { "line": 24, "column": 3 } },
      "6": { "start": { "line": 29, "column": 13 }, "end": { "line": 45, "column": 3 } },
      "7": { "start": { "line": 38, "column": 2 }, "end": { "line": 40, "column": 3 } },
      "8": { "start": { "line": 39, "column": 4 }, "end": { "line": 39, "column": 17 } },
      "9": { "start": { "line": 41, "column": 2 }, "end": { "line": 41, "column": 14 } },
      "10": { "start": { "line": 50, "column": 13 }, "end": { "line": 59, "column": 3 } },
      "11": { "start": { "line": 55, "column": 13 }, "end": { "line": 55, "column": 44 } },
      "12": { "start": { "line": 64, "column": 13 }, "end": { "line": 73, "column": 3 } },
      "13": { "start": { "line": 67, "column": 13 }, "end": { "line": 67, "column": 44 } },
      "14": { "start": { "line": 78, "column": 13 }, "end": { "line": 83, "column": 3 } },
      "15": { "start": { "line": 88, "column": 13 }, "end": { "line": 94, "column": 3 } },
      "16": { "start": { "line": 99, "column": 13 }, "end": { "line": 105, "column": 3 } },
      "17": { "start": { "line": 110, "column": 13 }, "end": { "line": 114, "column": 3 } },
      "18": { "start": { "line": 119, "column": 13 }, "end": { "line": 134, "column": 3 } },
      "19": { "start": { "line": 127, "column": 2 }, "end": { "line": 129, "column": 3 } },
      "20": { "start": { "line": 128, "column": 4 }, "end": { "line": 128, "column": 17 } },
      "21": { "start": { "line": 130, "column": 2 }, "end": { "line": 130, "column": 14 } },
      "22": { "start": { "line": 139, "column": 13 }, "end": { "line": 141, "column": 3 } }
    },
    "fnMap": {
      "0": {
        "name": "(anonymous_0)",
        "decl": { "start": { "line": 36, "column": 10 }, "end": { "line": 36, "column": 11 } },
        "loc": { "start": { "line": 36, "column": 19 }, "end": { "line": 42, "column": 1 } }
      },
      "1": {
        "name": "(anonymous_1)",
        "decl": { "start": { "line": 55, "column": 4 }, "end": { "line": 55, "column": 5 } },
        "loc": { "start": { "line": 55, "column": 13 }, "end": { "line": 55, "column": 44 } }
      },
      "2": {
        "name": "(anonymous_2)",
        "decl": { "start": { "line": 67, "column": 4 }, "end": { "line": 67, "column": 5 } },
        "loc": { "start": { "line": 67, "column": 13 }, "end": { "line": 67, "column": 44 } }
      },
      "3": {
        "name": "(anonymous_3)",
        "decl": { "start": { "line": 125, "column": 10 }, "end": { "line": 125, "column": 11 } },
        "loc": { "start": { "line": 125, "column": 19 }, "end": { "line": 131, "column": 1 } }
      }
    },
    "branchMap": {
      "0": {
        "loc": { "start": { "line": 38, "column": 2 }, "end": { "line": 40, "column": 3 } },
        "type": "if",
        "locations": [{ "start": { "line": 38, "column": 2 }, "end": { "line": 40, "column": 3 } }]
      },
      "1": {
        "loc": { "start": { "line": 38, "column": 6 }, "end": { "line": 38, "column": 64 } },
        "type": "binary-expr",
        "locations": [
          { "start": { "line": 38, "column": 6 }, "end": { "line": 38, "column": 44 } },
          { "start": { "line": 38, "column": 48 }, "end": { "line": 38, "column": 64 } }
        ]
      },
      "2": {
        "loc": { "start": { "line": 55, "column": 13 }, "end": { "line": 55, "column": 44 } },
        "type": "binary-expr",
        "locations": [
          { "start": { "line": 55, "column": 13 }, "end": { "line": 55, "column": 17 } },
          { "start": { "line": 55, "column": 21 }, "end": { "line": 55, "column": 44 } }
        ]
      },
      "3": {
        "loc": { "start": { "line": 67, "column": 13 }, "end": { "line": 67, "column": 44 } },
        "type": "binary-expr",
        "locations": [
          { "start": { "line": 67, "column": 13 }, "end": { "line": 67, "column": 17 } },
          { "start": { "line": 67, "column": 21 }, "end": { "line": 67, "column": 44 } }
        ]
      },
      "4": {
        "loc": { "start": { "line": 127, "column": 2 }, "end": { "line": 129, "column": 3 } },
        "type": "if",
        "locations": [
          { "start": { "line": 127, "column": 2 }, "end": { "line": 129, "column": 3 } }
        ]
      },
      "5": {
        "loc": { "start": { "line": 127, "column": 6 }, "end": { "line": 127, "column": 77 } },
        "type": "binary-expr",
        "locations": [
          { "start": { "line": 127, "column": 6 }, "end": { "line": 127, "column": 44 } },
          { "start": { "line": 127, "column": 48 }, "end": { "line": 127, "column": 77 } }
        ]
      }
    },
    "s": {
      "0": 0,
      "1": 0,
      "2": 0,
      "3": 0,
      "4": 0,
      "5": 0,
      "6": 0,
      "7": 0,
      "8": 0,
      "9": 0,
      "10": 0,
      "11": 0,
      "12": 0,
      "13": 0,
      "14": 0,
      "15": 0,
      "16": 0,
      "17": 0,
      "18": 0,
      "19": 0,
      "20": 0,
      "21": 0,
      "22": 0
    },
    "f": { "0": 0, "1": 0, "2": 0, "3": 0 },
    "b": { "0": [0], "1": [0, 0], "2": [0, 0], "3": [0, 0], "4": [0], "5": [0, 0] }
  }
}
