TN:
SF:src\app.ts
FN:26,(anonymous_1)
FN:30,(anonymous_2)
FN:101,(anonymous_3)
FN:110,(anonymous_4)
FN:115,(anonymous_5)
FNF:5
FNH:0
FNDA:0,(anonymous_1)
FNDA:0,(anonymous_2)
FNDA:0,(anonymous_3)
FNDA:0,(anonymous_4)
FNDA:0,(anonymous_5)
DA:1,0
DA:2,0
DA:3,0
DA:4,0
DA:5,0
DA:6,0
DA:7,0
DA:8,0
DA:9,0
DA:10,0
DA:13,0
DA:14,0
DA:15,0
DA:16,0
DA:17,0
DA:18,0
DA:19,0
DA:20,0
DA:21,0
DA:23,0
DA:26,0
DA:27,0
DA:28,0
DA:30,0
DA:31,0
DA:32,0
DA:35,0
DA:39,0
DA:40,0
DA:43,0
DA:46,0
DA:52,0
DA:55,0
DA:67,0
DA:68,0
DA:71,0
DA:83,0
DA:86,0
DA:89,0
DA:90,0
DA:91,0
DA:92,0
DA:93,0
DA:94,0
DA:95,0
DA:96,0
DA:97,0
DA:98,0
DA:101,0
DA:102,0
DA:110,0
DA:111,0
DA:115,0
DA:116,0
DA:122,0
DA:124,0
LF:56
LH:0
BRDA:47,0,0,0
BRDA:47,0,1,0
BRDA:56,1,0,0
BRDA:56,1,1,0
BRF:4
BRH:0
end_of_record
TN:
SF:src\index.ts
FN:11,(anonymous_1)
FN:18,(anonymous_2)
FN:24,(anonymous_3)
FNF:3
FNH:0
FNDA:0,(anonymous_1)
FNDA:0,(anonymous_2)
FNDA:0,(anonymous_3)
DA:1,0
DA:2,0
DA:3,0
DA:6,0
DA:8,0
DA:11,0
DA:12,0
DA:13,0
DA:14,0
DA:18,0
DA:19,0
DA:20,0
DA:24,0
DA:25,0
DA:26,0
DA:27,0
LF:16
LH:0
BRDA:8,0,0,0
BRDA:8,0,1,0
BRDA:13,1,0,0
BRDA:13,1,1,0
BRDA:14,2,0,0
BRDA:14,2,1,0
BRF:6
BRH:0
end_of_record
TN:
SF:src\api\admin\admin.routes.ts
FNF:0
FNH:0
DA:1,0
DA:2,0
DA:3,0
DA:5,0
DA:8,0
DA:9,0
DA:13,0
LF:7
LH:0
BRF:0
BRH:0
end_of_record
TN:
SF:src\api\auth\auth.routes.ts
FN:30,(anonymous_10)
FN:42,(anonymous_11)
FNF:2
FNH:0
FNDA:0,(anonymous_10)
FNDA:0,(anonymous_11)
DA:1,0
DA:2,0
DA:3,0
DA:4,0
DA:5,0
DA:6,0
DA:7,0
DA:9,0
DA:16,0
DA:27,0
DA:30,0
DA:39,0
DA:42,0
DA:51,0
DA:61,0
DA:75,0
DA:82,0
DA:94,0
DA:106,0
DA:118,0
DA:125,0
LF:21
LH:0
BRF:0
BRH:0
end_of_record
TN:
SF:src\api\auth\auth.service.ts
FN:22,(anonymous_1)
FN:93,(anonymous_2)
FN:153,(anonymous_3)
FN:203,(anonymous_4)
FN:242,(anonymous_5)
FN:287,(anonymous_6)
FN:301,(anonymous_7)
FN:315,(anonymous_8)
FN:330,(anonymous_9)
FN:345,(anonymous_10)
FN:366,(anonymous_11)
FN:378,(anonymous_12)
FN:393,(anonymous_13)
FNF:13
FNH:0
FNDA:0,(anonymous_1)
FNDA:0,(anonymous_2)
FNDA:0,(anonymous_3)
FNDA:0,(anonymous_4)
FNDA:0,(anonymous_5)
FNDA:0,(anonymous_6)
FNDA:0,(anonymous_7)
FNDA:0,(anonymous_8)
FNDA:0,(anonymous_9)
FNDA:0,(anonymous_10)
FNDA:0,(anonymous_11)
FNDA:0,(anonymous_12)
FNDA:0,(anonymous_13)
DA:1,0
DA:2,0
DA:3,0
DA:4,0
DA:5,0
DA:6,0
DA:7,0
DA:8,0
DA:9,0
DA:11,0
DA:14,0
DA:15,0
DA:16,0
DA:17,0
DA:22,0
DA:23,0
DA:24,0
DA:27,0
DA:31,0
DA:32,0
DA:36,0
DA:45,0
DA:46,0
DA:47,0
DA:50,0
DA:51,0
DA:55,0
DA:60,0
DA:61,0
DA:71,0
DA:72,0
DA:75,0
DA:77,0
DA:79,0
DA:85,0
DA:86,0
DA:93,0
DA:98,0
DA:99,0
DA:102,0
DA:106,0
DA:108,0
DA:109,0
DA:116,0
DA:120,0
DA:129,0
DA:133,0
DA:134,0
DA:137,0
DA:139,0
DA:145,0
DA:146,0
DA:153,0
DA:154,0
DA:156,0
DA:160,0
DA:161,0
DA:165,0
DA:166,0
DA:170,0
DA:172,0
DA:173,0
DA:177,0
DA:178,0
DA:181,0
DA:184,0
DA:186,0
DA:188,0
DA:195,0
DA:196,0
DA:203,0
DA:204,0
DA:206,0
DA:215,0
DA:216,0
DA:220,0
DA:221,0
DA:224,0
DA:226,0
DA:228,0
DA:234,0
DA:235,0
DA:242,0
DA:243,0
DA:245,0
DA:248,0
DA:252,0
DA:253,0
DA:257,0
DA:258,0
DA:261,0
DA:263,0
DA:265,0
DA:271,0
DA:272,0
DA:275,0
DA:276,0
DA:279,0
DA:280,0
DA:287,0
DA:288,0
DA:291,0
DA:301,0
DA:302,0
DA:305,0
DA:315,0
DA:317,0
DA:320,0
DA:321,0
DA:322,0
DA:324,0
DA:330,0
DA:331,0
DA:339,0
DA:345,0
DA:347,0
DA:352,0
DA:353,0
DA:357,0
DA:366,0
DA:367,0
DA:372,0
DA:378,0
DA:379,0
DA:387,0
DA:393,0
DA:395,0
DA:400,0
DA:401,0
DA:405,0
LF:130
LH:0
BRDA:14,0,0,0
BRDA:14,0,1,0
BRDA:15,1,0,0
BRDA:15,1,1,0
BRDA:16,2,0,0
BRDA:16,2,1,0
BRDA:17,3,0,0
BRDA:17,3,1,0
BRDA:31,4,0,0
BRDA:39,5,0,0
BRDA:39,5,1,0
BRDA:41,6,0,0
BRDA:41,6,1,0
BRDA:45,7,0,0
BRDA:46,8,0,0
BRDA:60,9,0,0
BRDA:106,10,0,0
BRDA:106,10,1,0
BRDA:108,11,0,0
BRDA:160,12,0,0
BRDA:165,13,0,0
BRDA:172,14,0,0
BRDA:215,15,0,0
BRDA:252,16,0,0
BRDA:271,17,0,0
BRDA:275,18,0,0
BRDA:320,19,0,0
BRDA:320,19,1,0
BRDA:352,20,0,0
BRDA:352,21,0,0
BRDA:352,21,1,0
BRDA:400,22,0,0
BRDA:400,23,0,0
BRDA:400,23,1,0
BRF:34
BRH:0
end_of_record
TN:
SF:src\api\auth\auth.validator.ts
FN:67,(anonymous_0)
FNF:1
FNH:0
FNDA:0,(anonymous_0)
DA:1,0
DA:2,0
DA:7,0
DA:23,0
DA:31,0
DA:40,0
DA:47,0
DA:57,0
DA:67,0
LF:9
LH:0
BRF:0
BRH:0
end_of_record
TN:
SF:src\api\chat\chat.routes.ts
FNF:0
FNH:0
DA:1,0
DA:2,0
DA:4,0
DA:7,0
DA:9,0
LF:5
LH:0
BRF:0
BRH:0
end_of_record
TN:
SF:src\api\payment\payment.controller.ts
FN:13,(anonymous_0)
FN:49,(anonymous_1)
FN:85,(anonymous_2)
FN:121,(anonymous_3)
FN:162,(anonymous_4)
FN:201,(anonymous_5)
FNF:6
FNH:0
FNDA:0,(anonymous_0)
FNDA:0,(anonymous_1)
FNDA:0,(anonymous_2)
FNDA:0,(anonymous_3)
FNDA:0,(anonymous_4)
FNDA:0,(anonymous_5)
DA:2,0
DA:3,0
DA:4,0
DA:6,0
DA:13,0
DA:14,0
DA:15,0
DA:17,0
DA:18,0
DA:21,0
DA:23,0
DA:29,0
DA:30,0
DA:31,0
DA:36,0
DA:49,0
DA:50,0
DA:51,0
DA:53,0
DA:54,0
DA:57,0
DA:59,0
DA:65,0
DA:66,0
DA:67,0
DA:72,0
DA:85,0
DA:86,0
DA:87,0
DA:89,0
DA:90,0
DA:93,0
DA:95,0
DA:101,0
DA:102,0
DA:103,0
DA:108,0
DA:121,0
DA:122,0
DA:123,0
DA:124,0
DA:126,0
DA:127,0
DA:130,0
DA:131,0
DA:134,0
DA:136,0
DA:142,0
DA:143,0
DA:144,0
DA:149,0
DA:162,0
DA:163,0
DA:164,0
DA:166,0
DA:167,0
DA:170,0
DA:172,0
DA:173,0
DA:176,0
DA:181,0
DA:182,0
DA:183,0
DA:188,0
DA:201,0
DA:202,0
DA:203,0
DA:205,0
DA:206,0
DA:209,0
DA:211,0
DA:212,0
DA:215,0
DA:220,0
DA:221,0
DA:222,0
DA:227,0
LF:77
LH:0
BRDA:17,0,0,0
BRDA:17,1,0,0
BRDA:17,1,1,0
BRDA:30,2,0,0
BRDA:30,2,1,0
BRDA:53,3,0,0
BRDA:53,4,0,0
BRDA:53,4,1,0
BRDA:66,5,0,0
BRDA:66,5,1,0
BRDA:89,6,0,0
BRDA:102,7,0,0
BRDA:102,7,1,0
BRDA:126,8,0,0
BRDA:130,9,0,0
BRDA:143,10,0,0
BRDA:143,10,1,0
BRDA:166,11,0,0
BRDA:172,12,0,0
BRDA:182,13,0,0
BRDA:182,13,1,0
BRDA:205,14,0,0
BRDA:211,15,0,0
BRDA:221,16,0,0
BRDA:221,16,1,0
BRF:25
BRH:0
end_of_record
TN:
SF:src\api\payment\payment.routes.ts
FN:29,(anonymous_9)
FN:43,(anonymous_10)
FN:57,(anonymous_11)
FN:71,(anonymous_12)
FNF:4
FNH:0
FNDA:0,(anonymous_9)
FNDA:0,(anonymous_10)
FNDA:0,(anonymous_11)
FNDA:0,(anonymous_12)
DA:1,0
DA:2,0
DA:3,0
DA:4,0
DA:5,0
DA:6,0
DA:7,0
DA:8,0
DA:17,0
DA:24,0
DA:29,0
DA:38,0
DA:43,0
DA:52,0
DA:57,0
DA:66,0
DA:71,0
DA:80,0
DA:92,0
DA:99,0
LF:20
LH:0
BRF:0
BRH:0
end_of_record
TN:
SF:src\api\payment\payment.validator.ts
FNF:0
FNH:0
DA:1,0
DA:6,0
DA:26,0
DA:46,0
DA:60,0
DA:84,0
DA:98,0
LF:7
LH:0
BRF:0
BRH:0
end_of_record
TN:
SF:src\api\provider\provider.routes.ts
FNF:0
FNH:0
DA:1,0
DA:2,0
DA:3,0
DA:4,0
DA:5,0
DA:6,0
DA:7,0
DA:9,0
DA:18,0
DA:25,0
DA:32,0
DA:39,0
DA:52,0
DA:59,0
LF:14
LH:0
BRF:0
BRH:0
end_of_record
TN:
SF:src\api\review\review.routes.ts
FN:28,(anonymous_9)
FN:75,(anonymous_10)
FNF:2
FNH:0
FNDA:0,(anonymous_9)
FNDA:0,(anonymous_10)
DA:1,0
DA:2,0
DA:3,0
DA:4,0
DA:5,0
DA:6,0
DA:7,0
DA:8,0
DA:16,0
DA:23,0
DA:28,0
DA:37,0
DA:48,0
DA:59,0
DA:70,0
DA:75,0
DA:79,0
LF:17
LH:0
BRF:0
BRH:0
end_of_record
TN:
SF:src\api\review\review.validator.ts
FNF:0
FNH:0
DA:1,0
DA:6,0
DA:39,0
DA:53,0
DA:67,0
DA:81,0
LF:6
LH:0
BRF:0
BRH:0
end_of_record
TN:
SF:src\api\user\user.routes.ts
FN:26,(anonymous_9)
FN:51,(anonymous_10)
FNF:2
FNH:0
FNDA:0,(anonymous_9)
FNDA:0,(anonymous_10)
DA:1,0
DA:2,0
DA:3,0
DA:4,0
DA:5,0
DA:6,0
DA:7,0
DA:9,0
DA:16,0
DA:23,0
DA:26,0
DA:35,0
DA:48,0
DA:51,0
DA:61,0
DA:68,0
LF:16
LH:0
BRF:0
BRH:0
end_of_record
TN:
SF:src\config\prisma.ts
FN:29,(anonymous_0)
FN:36,(anonymous_1)
FN:41,(anonymous_2)
FNF:3
FNH:0
FNDA:0,(anonymous_0)
FNDA:0,(anonymous_1)
FNDA:0,(anonymous_2)
DA:1,0
DA:2,0
DA:5,0
DA:28,0
DA:29,0
DA:30,0
DA:31,0
DA:36,0
DA:37,0
DA:41,0
DA:42,0
DA:45,0
LF:12
LH:0
BRDA:28,0,0,0
BRF:1
BRH:0
end_of_record
TN:
SF:src\middleware\error.middleware.ts
FN:12,(anonymous_0)
FN:24,(anonymous_1)
FNF:2
FNH:0
FNDA:0,(anonymous_0)
FNDA:0,(anonymous_1)
DA:2,0
DA:4,0
DA:5,0
DA:8,0
DA:13,0
DA:14,0
DA:15,0
DA:17,0
DA:24,0
DA:30,0
DA:31,0
DA:34,0
DA:35,0
DA:36,0
DA:39,0
DA:40,0
DA:41,0
DA:42,0
DA:46,0
DA:47,0
DA:48,0
DA:49,0
DA:53,0
DA:54,0
DA:57,0
DA:58,0
DA:59,0
DA:62,0
DA:63,0
DA:64,0
DA:67,0
DA:70,0
DA:74,0
DA:75,0
DA:76,0
DA:77,0
DA:79,0
DA:80,0
DA:81,0
DA:82,0
DA:86,0
DA:93,0
DA:94,0
DA:97,0
LF:44
LH:0
BRDA:31,0,0,0
BRDA:31,0,1,0
BRDA:39,1,0,0
BRDA:39,1,1,0
BRDA:46,2,0,0
BRDA:46,2,1,0
BRDA:48,3,0,0
BRDA:48,3,1,0
BRDA:53,4,0,0
BRDA:53,4,1,0
BRDA:57,5,0,0
BRDA:57,5,1,0
BRDA:62,6,0,0
BRDA:62,6,1,0
BRDA:74,7,0,0
BRDA:74,7,1,0
BRDA:79,8,0,0
BRDA:93,9,0,0
BRF:18
BRH:0
end_of_record
TN:
SF:src\middleware\validation.middleware.ts
FN:9,(anonymous_0)
FN:10,(anonymous_1)
FNF:2
FNH:0
FNDA:0,(anonymous_0)
FNDA:0,(anonymous_1)
DA:9,0
DA:10,0
DA:11,0
DA:12,0
DA:14,0
DA:15,0
DA:17,0
DA:23,0
DA:27,0
DA:28,0
DA:30,0
DA:35,0
LF:12
LH:0
BRDA:14,0,0,0
BRF:1
BRH:0
end_of_record
TN:
SF:src\services\notification.service.ts
FN:26,(anonymous_0)
FN:64,(anonymous_1)
FN:69,(anonymous_2)
FN:93,(anonymous_3)
FN:134,(anonymous_4)
FN:161,(anonymous_5)
FN:193,(anonymous_6)
FN:220,(anonymous_7)
FN:251,(anonymous_8)
FN:275,(anonymous_9)
FNF:10
FNH:0
FNDA:0,(anonymous_0)
FNDA:0,(anonymous_1)
FNDA:0,(anonymous_2)
FNDA:0,(anonymous_3)
FNDA:0,(anonymous_4)
FNDA:0,(anonymous_5)
FNDA:0,(anonymous_6)
FNDA:0,(anonymous_7)
FNDA:0,(anonymous_8)
FNDA:0,(anonymous_9)
DA:1,0
DA:2,0
DA:3,0
DA:5,0
DA:22,0
DA:27,0
DA:28,0
DA:31,0
DA:35,0
DA:36,0
DA:40,0
DA:49,0
DA:54,0
DA:56,0
DA:57,0
DA:65,0
DA:66,0
DA:69,0
DA:77,0
DA:81,0
DA:83,0
DA:85,0
DA:86,0
DA:94,0
DA:95,0
DA:98,0
DA:105,0
DA:106,0
DA:110,0
DA:111,0
DA:115,0
DA:122,0
DA:124,0
DA:126,0
DA:127,0
DA:135,0
DA:136,0
DA:139,0
DA:149,0
DA:151,0
DA:153,0
DA:154,0
DA:170,0
DA:172,0
DA:193,0
DA:202,0
DA:212,0
DA:213,0
DA:221,0
DA:222,0
DA:225,0
DA:232,0
DA:233,0
DA:237,0
DA:241,0
DA:243,0
DA:244,0
DA:252,0
DA:253,0
DA:256,0
DA:263,0
DA:265,0
DA:267,0
DA:268,0
DA:276,0
DA:278,0
DA:291,0
DA:292,0
DA:293,0
DA:296,0
DA:297,0
DA:301,0
DA:304,0
DA:305,0
DA:306,0
DA:307,0
DA:310,0
DA:311,0
DA:312,0
DA:313,0
DA:316,0
DA:317,0
DA:318,0
DA:319,0
DA:322,0
DA:323,0
DA:324,0
DA:325,0
DA:328,0
DA:329,0
DA:330,0
DA:331,0
DA:334,0
DA:335,0
DA:336,0
DA:337,0
DA:339,0
DA:343,0
DA:349,0
DA:350,0
LF:100
LH:0
BRDA:35,0,0,0
BRDA:105,1,0,0
BRDA:110,2,0,0
BRDA:161,3,0,0
BRDA:161,4,0,0
BRDA:232,5,0,0
BRDA:291,6,0,0
BRDA:301,7,0,0
BRDA:301,7,1,0
BRDA:301,7,2,0
BRDA:301,7,3,0
BRDA:301,7,4,0
BRDA:301,7,5,0
BRDA:301,7,6,0
BRF:14
BRH:0
end_of_record
TN:
SF:src\services\order.service.ts
FN:31,(anonymous_0)
FN:75,(anonymous_1)
FN:162,(anonymous_2)
FN:196,(anonymous_3)
FN:287,(anonymous_4)
FN:350,(anonymous_5)
FN:415,(anonymous_6)
FN:484,(anonymous_7)
FN:518,(anonymous_8)
FN:538,(anonymous_9)
FN:569,(anonymous_10)
FN:574,(anonymous_11)
FN:582,(anonymous_12)
FN:587,(anonymous_13)
FN:592,(anonymous_14)
FN:597,(anonymous_15)
FNF:16
FNH:0
FNDA:0,(anonymous_0)
FNDA:0,(anonymous_1)
FNDA:0,(anonymous_2)
FNDA:0,(anonymous_3)
FNDA:0,(anonymous_4)
FNDA:0,(anonymous_5)
FNDA:0,(anonymous_6)
FNDA:0,(anonymous_7)
FNDA:0,(anonymous_8)
FNDA:0,(anonymous_9)
FNDA:0,(anonymous_10)
FNDA:0,(anonymous_11)
FNDA:0,(anonymous_12)
FNDA:0,(anonymous_13)
FNDA:0,(anonymous_14)
FNDA:0,(anonymous_15)
DA:1,0
DA:11,0
DA:12,0
DA:14,0
DA:27,0
DA:32,0
DA:33,0
DA:60,0
DA:61,0
DA:65,0
DA:67,0
DA:68,0
DA:79,0
DA:89,0
DA:91,0
DA:93,0
DA:95,0
DA:96,0
DA:99,0
DA:100,0
DA:103,0
DA:104,0
DA:107,0
DA:108,0
DA:111,0
DA:112,0
DA:114,0
DA:115,0
DA:118,0
DA:119,0
DA:123,0
DA:161,0
DA:162,0
DA:188,0
DA:189,0
DA:197,0
DA:199,0
DA:206,0
DA:207,0
DA:211,0
DA:215,0
DA:216,0
DA:220,0
DA:226,0
DA:227,0
DA:228,0
DA:230,0
DA:231,0
DA:234,0
DA:235,0
DA:239,0
DA:275,0
DA:277,0
DA:279,0
DA:280,0
DA:288,0
DA:290,0
DA:294,0
DA:295,0
DA:299,0
DA:300,0
DA:304,0
DA:338,0
DA:340,0
DA:342,0
DA:343,0
DA:351,0
DA:353,0
DA:363,0
DA:364,0
DA:368,0
DA:369,0
DA:373,0
DA:403,0
DA:405,0
DA:407,0
DA:408,0
DA:420,0
DA:422,0
DA:433,0
DA:434,0
DA:438,0
DA:439,0
DA:443,0
DA:449,0
DA:450,0
DA:454,0
DA:465,0
DA:472,0
DA:474,0
DA:476,0
DA:477,0
DA:485,0
DA:487,0
DA:491,0
DA:492,0
DA:496,0
DA:499,0
DA:506,0
DA:508,0
DA:510,0
DA:511,0
DA:520,0
DA:530,0
DA:531,0
DA:539,0
DA:569,0
DA:570,0
DA:571,0
DA:574,0
DA:578,0
DA:579,0
DA:582,0
DA:583,0
DA:584,0
DA:587,0
DA:588,0
DA:589,0
DA:592,0
DA:593,0
DA:594,0
DA:597,0
DA:602,0
DA:603,0
LF:124
LH:0
BRDA:60,0,0,0
BRDA:87,1,0,0
BRDA:88,2,0,0
BRDA:95,3,0,0
BRDA:99,4,0,0
BRDA:103,5,0,0
BRDA:107,6,0,0
BRDA:111,7,0,0
BRDA:111,8,0,0
BRDA:111,8,1,0
BRDA:114,9,0,0
BRDA:118,10,0,0
BRDA:206,11,0,0
BRDA:215,12,0,0
BRDA:226,13,0,0
BRDA:226,13,1,0
BRDA:227,14,0,0
BRDA:247,15,0,0
BRDA:247,15,1,0
BRDA:248,16,0,0
BRDA:248,16,1,0
BRDA:248,17,0,0
BRDA:248,17,1,0
BRDA:249,18,0,0
BRDA:249,18,1,0
BRDA:294,19,0,0
BRDA:299,20,0,0
BRDA:299,21,0,0
BRDA:299,21,1,0
BRDA:308,22,0,0
BRDA:308,22,1,0
BRDA:308,23,0,0
BRDA:308,23,1,0
BRDA:363,24,0,0
BRDA:368,25,0,0
BRDA:433,26,0,0
BRDA:438,27,0,0
BRDA:449,28,0,0
BRDA:491,29,0,0
BRDA:530,30,0,0
BRDA:544,31,0,0
BRDA:544,31,1,0
BRDA:548,32,0,0
BRDA:548,32,1,0
BRF:44
BRH:0
end_of_record
TN:
SF:src\services\payment.service.ts
FN:13,(anonymous_0)
FN:53,(anonymous_1)
FN:94,(anonymous_2)
FN:136,(anonymous_3)
FN:184,(anonymous_4)
FN:198,(anonymous_5)
FNF:6
FNH:0
FNDA:0,(anonymous_0)
FNDA:0,(anonymous_1)
FNDA:0,(anonymous_2)
FNDA:0,(anonymous_3)
FNDA:0,(anonymous_4)
FNDA:0,(anonymous_5)
DA:1,0
DA:2,0
DA:3,0
DA:4,0
DA:6,0
DA:7,0
DA:9,0
DA:14,0
DA:15,0
DA:18,0
DA:23,0
DA:24,0
DA:28,0
DA:29,0
DA:33,0
DA:41,0
DA:43,0
DA:45,0
DA:46,0
DA:54,0
DA:55,0
DA:58,0
DA:63,0
DA:64,0
DA:68,0
DA:77,0
DA:78,0
DA:79,0
DA:82,0
DA:84,0
DA:86,0
DA:87,0
DA:95,0
DA:96,0
DA:99,0
DA:104,0
DA:105,0
DA:108,0
DA:109,0
DA:112,0
DA:113,0
DA:117,0
DA:124,0
DA:126,0
DA:128,0
DA:129,0
DA:137,0
DA:138,0
DA:141,0
DA:146,0
DA:147,0
DA:150,0
DA:151,0
DA:155,0
DA:156,0
DA:160,0
DA:163,0
DA:172,0
DA:174,0
DA:176,0
DA:177,0
DA:185,0
DA:186,0
DA:190,0
DA:191,0
DA:199,0
DA:200,0
DA:204,0
DA:205,0
LF:69
LH:0
BRDA:23,0,0,0
BRDA:28,1,0,0
BRDA:63,2,0,0
BRDA:77,3,0,0
BRDA:104,4,0,0
BRDA:108,5,0,0
BRDA:112,6,0,0
BRDA:146,7,0,0
BRDA:150,8,0,0
BRDA:155,9,0,0
BRF:10
BRH:0
end_of_record
TN:
SF:src\services\provider.service.ts
FN:40,(anonymous_1)
FN:69,(anonymous_2)
FN:98,(anonymous_3)
FN:131,(anonymous_4)
FN:187,(anonymous_5)
FN:214,(anonymous_6)
FN:242,(anonymous_7)
FN:285,(anonymous_8)
FN:324,(anonymous_9)
FN:367,(anonymous_10)
FN:394,(anonymous_11)
FN:441,(anonymous_12)
FNF:12
FNH:0
FNDA:0,(anonymous_1)
FNDA:0,(anonymous_2)
FNDA:0,(anonymous_3)
FNDA:0,(anonymous_4)
FNDA:0,(anonymous_5)
FNDA:0,(anonymous_6)
FNDA:0,(anonymous_7)
FNDA:0,(anonymous_8)
FNDA:0,(anonymous_9)
FNDA:0,(anonymous_10)
FNDA:0,(anonymous_11)
FNDA:0,(anonymous_12)
DA:1,0
DA:3,0
DA:40,0
DA:41,0
DA:54,0
DA:55,0
DA:58,0
DA:69,0
DA:70,0
DA:83,0
DA:84,0
DA:87,0
DA:98,0
DA:100,0
DA:105,0
DA:120,0
DA:131,0
DA:137,0
DA:139,0
DA:141,0
DA:142,0
DA:145,0
DA:146,0
DA:153,0
DA:186,0
DA:187,0
DA:214,0
DA:215,0
DA:229,0
DA:242,0
DA:244,0
DA:248,0
DA:249,0
DA:253,0
DA:254,0
DA:258,0
DA:269,0
DA:285,0
DA:286,0
DA:303,0
DA:304,0
DA:307,0
DA:324,0
DA:326,0
DA:330,0
DA:331,0
DA:335,0
DA:336,0
DA:340,0
DA:351,0
DA:367,0
DA:369,0
DA:376,0
DA:377,0
DA:381,0
DA:382,0
DA:386,0
DA:394,0
DA:398,0
DA:400,0
DA:402,0
DA:404,0
DA:405,0
DA:408,0
DA:409,0
DA:412,0
DA:413,0
DA:419,0
DA:440,0
DA:441,0
LF:70
LH:0
BRDA:54,0,0,0
BRDA:60,1,0,0
BRDA:60,1,1,0
BRDA:61,2,0,0
BRDA:61,2,1,0
BRDA:83,3,0,0
BRDA:89,4,0,0
BRDA:89,4,1,0
BRDA:90,5,0,0
BRDA:90,5,1,0
BRDA:109,6,0,0
BRDA:109,6,1,0
BRDA:110,7,0,0
BRDA:110,7,1,0
BRDA:111,8,0,0
BRDA:111,8,1,0
BRDA:122,9,0,0
BRDA:122,9,1,0
BRDA:123,10,0,0
BRDA:123,10,1,0
BRDA:132,11,0,0
BRDA:133,12,0,0
BRDA:141,13,0,0
BRDA:145,14,0,0
BRDA:231,15,0,0
BRDA:231,15,1,0
BRDA:232,16,0,0
BRDA:232,16,1,0
BRDA:248,17,0,0
BRDA:253,18,0,0
BRDA:253,19,0,0
BRDA:253,19,1,0
BRDA:275,20,0,0
BRDA:275,20,1,0
BRDA:276,21,0,0
BRDA:276,21,1,0
BRDA:303,22,0,0
BRDA:314,23,0,0
BRDA:314,23,1,0
BRDA:315,24,0,0
BRDA:315,24,1,0
BRDA:330,25,0,0
BRDA:335,26,0,0
BRDA:335,27,0,0
BRDA:335,27,1,0
BRDA:357,28,0,0
BRDA:357,28,1,0
BRDA:358,29,0,0
BRDA:358,29,1,0
BRDA:376,30,0,0
BRDA:381,31,0,0
BRDA:398,32,0,0
BRDA:398,33,0,0
BRDA:404,34,0,0
BRDA:408,35,0,0
BRDA:412,36,0,0
BRF:56
BRH:0
end_of_record
TN:
SF:src\services\review.service.ts
FN:31,(anonymous_0)
FN:117,(anonymous_1)
FN:155,(anonymous_2)
FN:193,(anonymous_3)
FN:208,(anonymous_4)
FN:228,(anonymous_5)
FN:259,(anonymous_6)
FN:270,(anonymous_7)
FNF:8
FNH:0
FNDA:0,(anonymous_0)
FNDA:0,(anonymous_1)
FNDA:0,(anonymous_2)
FNDA:0,(anonymous_3)
FNDA:0,(anonymous_4)
FNDA:0,(anonymous_5)
FNDA:0,(anonymous_6)
FNDA:0,(anonymous_7)
DA:1,0
DA:2,0
DA:3,0
DA:5,0
DA:27,0
DA:32,0
DA:33,0
DA:36,0
DA:37,0
DA:41,0
DA:54,0
DA:55,0
DA:59,0
DA:60,0
DA:64,0
DA:65,0
DA:69,0
DA:70,0
DA:74,0
DA:93,0
DA:95,0
DA:97,0
DA:109,0
DA:110,0
DA:118,0
DA:119,0
DA:131,0
DA:132,0
DA:135,0
DA:147,0
DA:148,0
DA:156,0
DA:157,0
DA:169,0
DA:170,0
DA:173,0
DA:185,0
DA:186,0
DA:194,0
DA:195,0
DA:208,0
DA:220,0
DA:221,0
DA:229,0
DA:230,0
DA:233,0
DA:237,0
DA:238,0
DA:242,0
DA:247,0
DA:249,0
DA:251,0
DA:252,0
DA:260,0
DA:262,0
DA:268,0
DA:269,0
DA:270,0
DA:271,0
DA:275,0
DA:280,0
DA:282,0
DA:283,0
LF:63
LH:0
BRDA:36,0,0,0
BRDA:36,1,0,0
BRDA:36,1,1,0
BRDA:54,2,0,0
BRDA:59,3,0,0
BRDA:64,4,0,0
BRDA:69,5,0,0
BRDA:80,6,0,0
BRDA:80,6,1,0
BRDA:105,7,0,0
BRDA:105,7,1,0
BRDA:131,8,0,0
BRDA:143,9,0,0
BRDA:143,9,1,0
BRDA:169,10,0,0
BRDA:181,11,0,0
BRDA:181,11,1,0
BRDA:216,12,0,0
BRDA:216,12,1,0
BRDA:237,13,0,0
BRDA:269,14,0,0
BRF:21
BRH:0
end_of_record
TN:
SF:src\services\user.service.ts
FN:10,(anonymous_1)
FN:19,(anonymous_2)
FN:41,(anonymous_3)
FN:59,(anonymous_4)
FN:74,(anonymous_5)
FN:117,(anonymous_6)
FN:130,(anonymous_7)
FN:152,(anonymous_8)
FNF:8
FNH:0
FNDA:0,(anonymous_1)
FNDA:0,(anonymous_2)
FNDA:0,(anonymous_3)
FNDA:0,(anonymous_4)
FNDA:0,(anonymous_5)
FNDA:0,(anonymous_6)
FNDA:0,(anonymous_7)
FNDA:0,(anonymous_8)
DA:1,0
DA:3,0
DA:5,0
DA:10,0
DA:11,0
DA:19,0
DA:20,0
DA:21,0
DA:24,0
DA:30,0
DA:35,0
DA:41,0
DA:42,0
DA:49,0
DA:50,0
DA:53,0
DA:59,0
DA:60,0
DA:74,0
DA:78,0
DA:80,0
DA:83,0
DA:85,0
DA:86,0
DA:89,0
DA:90,0
DA:97,0
DA:116,0
DA:117,0
DA:130,0
DA:135,0
DA:140,0
DA:146,0
DA:152,0
DA:154,0
DA:159,0
DA:160,0
DA:164,0
DA:165,0
DA:171,0
DA:176,0
LF:41
LH:0
BRDA:45,0,0,0
BRDA:45,0,1,0
BRDA:49,1,0,0
BRDA:65,2,0,0
BRDA:65,2,1,0
BRDA:78,3,0,0
BRDA:78,4,0,0
BRDA:85,5,0,0
BRDA:89,6,0,0
BRDA:159,7,0,0
BRDA:164,8,0,0
BRF:11
BRH:0
end_of_record
TN:
SF:src\types\express.d.ts
FNF:0
FNH:0
LF:0
LH:0
BRF:0
BRH:0
end_of_record
TN:
SF:src\types\index.ts
FNF:0
FNH:0
DA:2,0
DA:3,0
DA:4,0
DA:5,0
LF:4
LH:0
BRF:0
BRH:0
end_of_record
TN:
SF:src\types\order.types.ts
FN:6,(anonymous_0)
FNF:1
FNH:0
FNDA:0,(anonymous_0)
DA:6,0
DA:7,0
DA:8,0
DA:9,0
DA:10,0
DA:11,0
DA:12,0
DA:13,0
LF:8
LH:0
BRDA:6,0,0,0
BRDA:6,0,1,0
BRF:2
BRH:0
end_of_record
TN:
SF:src\types\service.types.ts
FN:4,(anonymous_0)
FNF:1
FNH:0
FNDA:0,(anonymous_0)
DA:4,0
DA:5,0
DA:6,0
LF:3
LH:0
BRDA:4,0,0,0
BRDA:4,0,1,0
BRF:2
BRH:0
end_of_record
TN:
SF:src\types\user.types.ts
FN:3,(anonymous_0)
FN:8,(anonymous_1)
FN:16,(anonymous_2)
FNF:3
FNH:0
FNDA:0,(anonymous_0)
FNDA:0,(anonymous_1)
FNDA:0,(anonymous_2)
DA:1,0
DA:3,0
DA:8,0
DA:9,0
DA:10,0
DA:16,0
DA:17,0
DA:18,0
DA:19,0
DA:20,0
DA:21,0
DA:22,0
DA:23,0
LF:13
LH:0
BRDA:8,0,0,0
BRDA:8,0,1,0
BRDA:16,1,0,0
BRDA:16,1,1,0
BRF:4
BRH:0
end_of_record
TN:
SF:src\utils\api-error.ts
FN:7,(anonymous_0)
FN:20,(anonymous_1)
FNF:2
FNH:0
FNDA:0,(anonymous_0)
FNDA:0,(anonymous_1)
DA:4,0
DA:8,0
DA:9,0
DA:10,0
DA:13,0
DA:20,0
DA:21,0
LF:7
LH:0
BRF:0
BRH:0
end_of_record
TN:
SF:src\utils\db-test.ts
FN:13,testDatabaseConnection
FN:44,(anonymous_10)
FN:45,(anonymous_11)
FNF:3
FNH:0
FNDA:0,testDatabaseConnection
FNDA:0,(anonymous_10)
FNDA:0,(anonymous_11)
DA:1,0
DA:2,0
DA:5,0
DA:8,0
DA:14,0
DA:15,0
DA:16,0
DA:19,0
DA:21,0
DA:22,0
DA:25,0
DA:30,0
DA:31,0
DA:34,0
DA:35,0
DA:38,0
DA:43,0
DA:44,0
DA:45,0
LF:19
LH:0
BRF:0
BRH:0
end_of_record
TN:
SF:src\utils\logger.ts
FN:7,(anonymous_1)
FN:48,(anonymous_2)
FN:50,(anonymous_3)
FNF:3
FNH:0
FNDA:0,(anonymous_1)
FNDA:0,(anonymous_2)
FNDA:0,(anonymous_3)
DA:1,0
DA:4,0
DA:7,0
DA:11,0
DA:38,0
DA:39,0
DA:48,0
DA:49,0
DA:50,0
DA:51,0
DA:52,0
DA:54,0
LF:12
LH:0
BRDA:12,0,0,0
BRDA:12,0,1,0
BRDA:38,1,0,0
BRF:3
BRH:0
end_of_record
TN:
SF:src\utils\pg-test.ts
FN:10,testPgConnection
FN:48,(anonymous_10)
FN:49,(anonymous_11)
FNF:3
FNH:0
FNDA:0,testPgConnection
FNDA:0,(anonymous_10)
FNDA:0,(anonymous_11)
DA:1,0
DA:2,0
DA:5,0
DA:12,0
DA:16,0
DA:17,0
DA:18,0
DA:21,0
DA:23,0
DA:24,0
DA:27,0
DA:33,0
DA:34,0
DA:37,0
DA:38,0
DA:41,0
DA:42,0
DA:47,0
DA:48,0
DA:49,0
LF:20
LH:0
BRF:0
BRH:0
end_of_record
TN:
SF:src\utils\validators.ts
FN:36,(anonymous_0)
FN:55,(anonymous_1)
FN:67,(anonymous_2)
FN:125,(anonymous_3)
FNF:4
FNH:0
FNDA:0,(anonymous_0)
FNDA:0,(anonymous_1)
FNDA:0,(anonymous_2)
FNDA:0,(anonymous_3)
DA:1,0
DA:2,0
DA:3,0
DA:4,0
DA:9,0
DA:21,0
DA:29,0
DA:38,0
DA:39,0
DA:41,0
DA:50,0
DA:55,0
DA:64,0
DA:67,0
DA:78,0
DA:88,0
DA:99,0
DA:110,0
DA:119,0
DA:127,0
DA:128,0
DA:130,0
DA:139,0
LF:23
LH:0
BRDA:38,0,0,0
BRDA:38,1,0,0
BRDA:38,1,1,0
BRDA:55,2,0,0
BRDA:55,2,1,0
BRDA:67,3,0,0
BRDA:67,3,1,0
BRDA:127,4,0,0
BRDA:127,5,0,0
BRDA:127,5,1,0
BRF:10
BRH:0
end_of_record
